<?xml version="1.0" encoding="UTF-8"?>
<robot generator="Robot 5.0 (Python 3.7.5 on win32)" generated="20220906 15:15:39.362" rpa="false" schemaversion="3">
<suite id="s1" name="1.RegisterTests" source="D:\RobotProjects\NopCommerc\TestCases\1.RegisterTests.robot">
<test id="s1-t1" name="TC002-Register New User" line="8">
<kw name="Open Application" library="SetupTearDown" type="SETUP">
<kw name="Open Browser" library="SeleniumLibrary">
<arg>https://demo.nopcommerce.com/</arg>
<arg>chrome</arg>
<arg>alias=MainBrowser</arg>
<doc>Opens a new browser instance to the optional ``url``.</doc>
<msg timestamp="20220906 15:15:39.556" level="INFO">Opening browser 'chrome' to base url 'https://demo.nopcommerce.com/'.</msg>
<status status="PASS" starttime="20220906 15:15:39.556" endtime="20220906 15:15:42.557"/>
</kw>
<status status="PASS" starttime="20220906 15:15:39.556" endtime="20220906 15:15:42.557"/>
</kw>
<kw name="Open Register Page" library="Register">
<kw name="Click Element" library="SeleniumLibrary">
<arg>${Register}</arg>
<doc>Click the element identified by ``locator``.</doc>
<msg timestamp="20220906 15:15:42.559" level="INFO">Clicking element 'xpath=//a[@class='ico-register']'.</msg>
<status status="PASS" starttime="20220906 15:15:42.558" endtime="20220906 15:15:42.962"/>
</kw>
<status status="PASS" starttime="20220906 15:15:42.558" endtime="20220906 15:15:42.962"/>
</kw>
<kw name="Generate Random Email" library="Register">
<kw name="Generate Random String" library="String">
<var>${RandomString}</var>
<arg>14</arg>
<arg>[NUMBERS]abcdef</arg>
<doc>Generates a string with a desired ``length`` from the given ``chars``.</doc>
<msg timestamp="20220906 15:15:42.963" level="INFO">${RandomString} = e733ce5ae83089</msg>
<status status="PASS" starttime="20220906 15:15:42.963" endtime="20220906 15:15:42.963"/>
</kw>
<kw name="Catenate" library="BuiltIn">
<var>${RandomEmail}</var>
<arg>${RandomString}@gmail.com</arg>
<doc>Catenates the given items together and returns the resulted string.</doc>
<msg timestamp="20220906 15:15:42.963" level="INFO">${RandomEmail} = e733ce5ae83089@gmail.com</msg>
<status status="PASS" starttime="20220906 15:15:42.963" endtime="20220906 15:15:42.963"/>
</kw>
<kw name="Set Global Variable" library="BuiltIn">
<arg>${RandomEmail}</arg>
<doc>Makes a variable available globally in all tests and suites.</doc>
<msg timestamp="20220906 15:15:42.964" level="INFO">${RandomEmail} = e733ce5ae83089@gmail.com</msg>
<status status="PASS" starttime="20220906 15:15:42.963" endtime="20220906 15:15:42.964"/>
</kw>
<status status="PASS" starttime="20220906 15:15:42.962" endtime="20220906 15:15:42.964"/>
</kw>
<kw name="Input Personal Details" library="Register">
<arg>${FirstName}</arg>
<arg>${LastName}</arg>
<arg>${RandomEmail}</arg>
<kw name="Click Element" library="SeleniumLibrary">
<arg>${SexMale}</arg>
<doc>Click the element identified by ``locator``.</doc>
<msg timestamp="20220906 15:15:42.965" level="INFO">Clicking element 'id=gender-male'.</msg>
<status status="PASS" starttime="20220906 15:15:42.965" endtime="20220906 15:15:42.996"/>
</kw>
<kw name="Input Text" library="SeleniumLibrary">
<arg>${InputRegisterName}</arg>
<arg>${arg1}</arg>
<doc>Types the given ``text`` into the text field identified by ``locator``.</doc>
<msg timestamp="20220906 15:15:42.997" level="INFO">Typing text 'Ilija' into text field 'id=FirstName'.</msg>
<status status="PASS" starttime="20220906 15:15:42.996" endtime="20220906 15:15:43.048"/>
</kw>
<kw name="Input Text" library="SeleniumLibrary">
<arg>${InputRegisterLastName}</arg>
<arg>${arg2}</arg>
<doc>Types the given ``text`` into the text field identified by ``locator``.</doc>
<msg timestamp="20220906 15:15:43.048" level="INFO">Typing text 'Milanoski' into text field 'id=LastName'.</msg>
<status status="PASS" starttime="20220906 15:15:43.048" endtime="20220906 15:15:43.101"/>
</kw>
<kw name="Select From List By Value" library="SeleniumLibrary">
<arg>${DayOfBirth}</arg>
<arg>30</arg>
<doc>Selects options from selection list ``locator`` by ``values``.</doc>
<msg timestamp="20220906 15:15:43.101" level="INFO">Selecting options from selection list 'name=DateOfBirthDay' by value 30.</msg>
<status status="PASS" starttime="20220906 15:15:43.101" endtime="20220906 15:15:43.140"/>
</kw>
<kw name="Select From List By Label" library="SeleniumLibrary">
<arg>${MonthOfBirth}</arg>
<arg>July</arg>
<doc>Selects options from selection list ``locator`` by ``labels``.</doc>
<msg timestamp="20220906 15:15:43.141" level="INFO">Selecting options from selection list 'name=DateOfBirthMonth' by label July.</msg>
<status status="PASS" starttime="20220906 15:15:43.140" endtime="20220906 15:15:43.176"/>
</kw>
<kw name="Select From List By Label" library="SeleniumLibrary">
<arg>${YearOfBirth}</arg>
<arg>1992</arg>
<doc>Selects options from selection list ``locator`` by ``labels``.</doc>
<msg timestamp="20220906 15:15:43.176" level="INFO">Selecting options from selection list 'name=DateOfBirthYear' by label 1992.</msg>
<status status="PASS" starttime="20220906 15:15:43.176" endtime="20220906 15:15:43.213"/>
</kw>
<kw name="Input Text" library="SeleniumLibrary">
<arg>${RegisterEmail}</arg>
<arg>${arg3}</arg>
<doc>Types the given ``text`` into the text field identified by ``locator``.</doc>
<msg timestamp="20220906 15:15:43.214" level="INFO">Typing text 'e733ce5ae83089@gmail.com' into text field 'id=Email'.</msg>
<status status="PASS" starttime="20220906 15:15:43.214" endtime="20220906 15:15:43.269"/>
</kw>
<status status="PASS" starttime="20220906 15:15:42.965" endtime="20220906 15:15:43.269"/>
</kw>
<kw name="Company Name" library="Register">
<kw name="Input Text" library="SeleniumLibrary">
<arg>${InputCompany}</arg>
<arg>${CompanyName}</arg>
<doc>Types the given ``text`` into the text field identified by ``locator``.</doc>
<msg timestamp="20220906 15:15:43.270" level="INFO">Typing text 'IWConnect' into text field 'id=Company'.</msg>
<status status="PASS" starttime="20220906 15:15:43.270" endtime="20220906 15:15:43.321"/>
</kw>
<status status="PASS" starttime="20220906 15:15:43.269" endtime="20220906 15:15:43.321"/>
</kw>
<kw name="Checkbox Newsletter" library="Register">
<kw name="Select Checkbox" library="SeleniumLibrary">
<arg>${NewsLetterCheckbox}</arg>
<doc>Selects the checkbox identified by ``locator``.</doc>
<msg timestamp="20220906 15:15:43.322" level="INFO">Selecting checkbox 'id=Newsletter'.</msg>
<status status="PASS" starttime="20220906 15:15:43.322" endtime="20220906 15:15:43.344"/>
</kw>
<status status="PASS" starttime="20220906 15:15:43.322" endtime="20220906 15:15:43.344"/>
</kw>
<kw name="Password Input" library="Register">
<arg>${ValidPassword}</arg>
<kw name="Input Password" library="SeleniumLibrary">
<arg>${InputPassword}</arg>
<arg>${arg1}</arg>
<doc>Types the given password into the text field identified by ``locator``.</doc>
<msg timestamp="20220906 15:15:43.345" level="INFO">Typing password into text field 'id=Password'.</msg>
<msg timestamp="20220906 15:15:43.369" level="INFO">Temporally setting log level to: NONE</msg>
<msg timestamp="20220906 15:15:43.400" level="INFO">Log level changed from NONE to INFO.</msg>
<status status="PASS" starttime="20220906 15:15:43.345" endtime="20220906 15:15:43.400"/>
</kw>
<status status="PASS" starttime="20220906 15:15:43.344" endtime="20220906 15:15:43.400"/>
</kw>
<kw name="Confirm Password Input" library="Register">
<arg>${ValidPassword}</arg>
<kw name="Input Password" library="SeleniumLibrary">
<arg>${InputConfirmPassword}</arg>
<arg>${arg1}</arg>
<doc>Types the given password into the text field identified by ``locator``.</doc>
<msg timestamp="20220906 15:15:43.402" level="INFO">Typing password into text field 'id=ConfirmPassword'.</msg>
<msg timestamp="20220906 15:15:43.426" level="INFO">Temporally setting log level to: NONE</msg>
<msg timestamp="20220906 15:15:43.454" level="INFO">Log level changed from NONE to INFO.</msg>
<status status="PASS" starttime="20220906 15:15:43.401" endtime="20220906 15:15:43.454"/>
</kw>
<status status="PASS" starttime="20220906 15:15:43.401" endtime="20220906 15:15:43.454"/>
</kw>
<kw name="Click Register Button" library="Register">
<kw name="Click Button" library="SeleniumLibrary">
<arg>${RegisterButton}</arg>
<doc>Clicks the button identified by ``locator``.</doc>
<msg timestamp="20220906 15:15:43.456" level="INFO">Clicking button 'name=register-button'.</msg>
<status status="PASS" starttime="20220906 15:15:43.455" endtime="20220906 15:15:44.304"/>
</kw>
<status status="PASS" starttime="20220906 15:15:43.455" endtime="20220906 15:15:44.304"/>
</kw>
<kw name="Verify New User Is Registered" library="Register">
<kw name="Element Should Be Visible" library="SeleniumLibrary">
<arg>${SuccessfulRegistration}</arg>
<doc>Verifies that the element identified by ``locator`` is visible.</doc>
<msg timestamp="20220906 15:15:44.322" level="INFO">Element 'xpath=//div[@class='result']' is displayed.</msg>
<status status="PASS" starttime="20220906 15:15:44.305" endtime="20220906 15:15:44.322"/>
</kw>
<kw name="Element Text Should Be" library="SeleniumLibrary">
<arg>${SuccessfulRegistration}</arg>
<arg>${SuccessfullRegistrationText}</arg>
<doc>Verifies that element ``locator`` contains exact the text ``expected``.</doc>
<msg timestamp="20220906 15:15:44.323" level="INFO">Verifying element 'xpath=//div[@class='result']' contains exact text 'Your registration completed'.</msg>
<status status="PASS" starttime="20220906 15:15:44.323" endtime="20220906 15:15:44.333"/>
</kw>
<status status="PASS" starttime="20220906 15:15:44.305" endtime="20220906 15:15:44.334"/>
</kw>
<kw name="Close Application" library="SetupTearDown" type="TEARDOWN">
<kw name="Close Browser" library="SeleniumLibrary">
<doc>Closes the current browser.</doc>
<status status="PASS" starttime="20220906 15:15:44.334" endtime="20220906 15:15:46.391"/>
</kw>
<status status="PASS" starttime="20220906 15:15:44.334" endtime="20220906 15:15:46.391"/>
</kw>
<status status="PASS" starttime="20220906 15:15:39.555" endtime="20220906 15:15:46.392"/>
</test>
<test id="s1-t2" name="TC003-Register User With Invalid Email" line="19">
<kw name="Open Application" library="SetupTearDown" type="SETUP">
<kw name="Open Browser" library="SeleniumLibrary">
<arg>https://demo.nopcommerce.com/</arg>
<arg>chrome</arg>
<arg>alias=MainBrowser</arg>
<doc>Opens a new browser instance to the optional ``url``.</doc>
<msg timestamp="20220906 15:15:46.394" level="INFO">Opening browser 'chrome' to base url 'https://demo.nopcommerce.com/'.</msg>
<status status="PASS" starttime="20220906 15:15:46.394" endtime="20220906 15:15:48.789"/>
</kw>
<status status="PASS" starttime="20220906 15:15:46.393" endtime="20220906 15:15:48.790"/>
</kw>
<kw name="Open Register Page" library="Register">
<kw name="Click Element" library="SeleniumLibrary">
<arg>${Register}</arg>
<doc>Click the element identified by ``locator``.</doc>
<msg timestamp="20220906 15:15:48.791" level="INFO">Clicking element 'xpath=//a[@class='ico-register']'.</msg>
<status status="PASS" starttime="20220906 15:15:48.790" endtime="20220906 15:15:49.965"/>
</kw>
<status status="PASS" starttime="20220906 15:15:48.790" endtime="20220906 15:15:49.965"/>
</kw>
<kw name="Input Personal Details" library="Register">
<arg>${FirstName}</arg>
<arg>${LastName}</arg>
<arg>${InvalidRegisterEmail}</arg>
<kw name="Click Element" library="SeleniumLibrary">
<arg>${SexMale}</arg>
<doc>Click the element identified by ``locator``.</doc>
<msg timestamp="20220906 15:15:49.966" level="INFO">Clicking element 'id=gender-male'.</msg>
<status status="PASS" starttime="20220906 15:15:49.966" endtime="20220906 15:15:49.997"/>
</kw>
<kw name="Input Text" library="SeleniumLibrary">
<arg>${InputRegisterName}</arg>
<arg>${arg1}</arg>
<doc>Types the given ``text`` into the text field identified by ``locator``.</doc>
<msg timestamp="20220906 15:15:49.997" level="INFO">Typing text 'Ilija' into text field 'id=FirstName'.</msg>
<status status="PASS" starttime="20220906 15:15:49.997" endtime="20220906 15:15:50.049"/>
</kw>
<kw name="Input Text" library="SeleniumLibrary">
<arg>${InputRegisterLastName}</arg>
<arg>${arg2}</arg>
<doc>Types the given ``text`` into the text field identified by ``locator``.</doc>
<msg timestamp="20220906 15:15:50.050" level="INFO">Typing text 'Milanoski' into text field 'id=LastName'.</msg>
<status status="PASS" starttime="20220906 15:15:50.049" endtime="20220906 15:15:50.102"/>
</kw>
<kw name="Select From List By Value" library="SeleniumLibrary">
<arg>${DayOfBirth}</arg>
<arg>30</arg>
<doc>Selects options from selection list ``locator`` by ``values``.</doc>
<msg timestamp="20220906 15:15:50.102" level="INFO">Selecting options from selection list 'name=DateOfBirthDay' by value 30.</msg>
<status status="PASS" starttime="20220906 15:15:50.102" endtime="20220906 15:15:50.140"/>
</kw>
<kw name="Select From List By Label" library="SeleniumLibrary">
<arg>${MonthOfBirth}</arg>
<arg>July</arg>
<doc>Selects options from selection list ``locator`` by ``labels``.</doc>
<msg timestamp="20220906 15:15:50.140" level="INFO">Selecting options from selection list 'name=DateOfBirthMonth' by label July.</msg>
<status status="PASS" starttime="20220906 15:15:50.140" endtime="20220906 15:15:50.176"/>
</kw>
<kw name="Select From List By Label" library="SeleniumLibrary">
<arg>${YearOfBirth}</arg>
<arg>1992</arg>
<doc>Selects options from selection list ``locator`` by ``labels``.</doc>
<msg timestamp="20220906 15:15:50.176" level="INFO">Selecting options from selection list 'name=DateOfBirthYear' by label 1992.</msg>
<status status="PASS" starttime="20220906 15:15:50.176" endtime="20220906 15:15:50.211"/>
</kw>
<kw name="Input Text" library="SeleniumLibrary">
<arg>${RegisterEmail}</arg>
<arg>${arg3}</arg>
<doc>Types the given ``text`` into the text field identified by ``locator``.</doc>
<msg timestamp="20220906 15:15:50.211" level="INFO">Typing text 'ilijappmk$email.com' into text field 'id=Email'.</msg>
<status status="PASS" starttime="20220906 15:15:50.211" endtime="20220906 15:15:50.265"/>
</kw>
<status status="PASS" starttime="20220906 15:15:49.965" endtime="20220906 15:15:50.265"/>
</kw>
<kw name="Company Name" library="Register">
<kw name="Input Text" library="SeleniumLibrary">
<arg>${InputCompany}</arg>
<arg>${CompanyName}</arg>
<doc>Types the given ``text`` into the text field identified by ``locator``.</doc>
<msg timestamp="20220906 15:15:50.266" level="INFO">Typing text 'IWConnect' into text field 'id=Company'.</msg>
<status status="PASS" starttime="20220906 15:15:50.266" endtime="20220906 15:15:50.319"/>
</kw>
<status status="PASS" starttime="20220906 15:15:50.266" endtime="20220906 15:15:50.319"/>
</kw>
<kw name="Checkbox Newsletter" library="Register">
<kw name="Select Checkbox" library="SeleniumLibrary">
<arg>${NewsLetterCheckbox}</arg>
<doc>Selects the checkbox identified by ``locator``.</doc>
<msg timestamp="20220906 15:15:50.319" level="INFO">Selecting checkbox 'id=Newsletter'.</msg>
<status status="PASS" starttime="20220906 15:15:50.319" endtime="20220906 15:15:50.343"/>
</kw>
<status status="PASS" starttime="20220906 15:15:50.319" endtime="20220906 15:15:50.343"/>
</kw>
<kw name="Password Input" library="Register">
<arg>${ValidPassword}</arg>
<kw name="Input Password" library="SeleniumLibrary">
<arg>${InputPassword}</arg>
<arg>${arg1}</arg>
<doc>Types the given password into the text field identified by ``locator``.</doc>
<msg timestamp="20220906 15:15:50.344" level="INFO">Typing password into text field 'id=Password'.</msg>
<msg timestamp="20220906 15:15:50.366" level="INFO">Temporally setting log level to: NONE</msg>
<msg timestamp="20220906 15:15:50.397" level="INFO">Log level changed from NONE to INFO.</msg>
<status status="PASS" starttime="20220906 15:15:50.343" endtime="20220906 15:15:50.398"/>
</kw>
<status status="PASS" starttime="20220906 15:15:50.343" endtime="20220906 15:15:50.398"/>
</kw>
<kw name="Confirm Password Input" library="Register">
<arg>${ValidPassword}</arg>
<kw name="Input Password" library="SeleniumLibrary">
<arg>${InputConfirmPassword}</arg>
<arg>${arg1}</arg>
<doc>Types the given password into the text field identified by ``locator``.</doc>
<msg timestamp="20220906 15:15:50.399" level="INFO">Typing password into text field 'id=ConfirmPassword'.</msg>
<msg timestamp="20220906 15:15:50.424" level="INFO">Temporally setting log level to: NONE</msg>
<msg timestamp="20220906 15:15:50.452" level="INFO">Log level changed from NONE to INFO.</msg>
<status status="PASS" starttime="20220906 15:15:50.398" endtime="20220906 15:15:50.453"/>
</kw>
<status status="PASS" starttime="20220906 15:15:50.398" endtime="20220906 15:15:50.453"/>
</kw>
<kw name="Click Register Button" library="Register">
<kw name="Click Button" library="SeleniumLibrary">
<arg>${RegisterButton}</arg>
<doc>Clicks the button identified by ``locator``.</doc>
<msg timestamp="20220906 15:15:50.453" level="INFO">Clicking button 'name=register-button'.</msg>
<status status="PASS" starttime="20220906 15:15:50.453" endtime="20220906 15:15:50.497"/>
</kw>
<status status="PASS" starttime="20220906 15:15:50.453" endtime="20220906 15:15:50.497"/>
</kw>
<kw name="Verify Wrong Email Error" library="Register">
<kw name="Element Should Contain" library="SeleniumLibrary">
<arg>${WrongEmailError}</arg>
<arg>${InvalidRegisterEmailError}</arg>
<doc>Verifies that element ``locator`` contains text ``expected``.</doc>
<msg timestamp="20220906 15:15:50.515" level="INFO">Element 'xpath=//*[text()='Wrong email']' contains text 'Wrong email'.</msg>
<status status="PASS" starttime="20220906 15:15:50.497" endtime="20220906 15:15:50.515"/>
</kw>
<status status="PASS" starttime="20220906 15:15:50.497" endtime="20220906 15:15:50.515"/>
</kw>
<kw name="Close Application" library="SetupTearDown" type="TEARDOWN">
<kw name="Close Browser" library="SeleniumLibrary">
<doc>Closes the current browser.</doc>
<status status="PASS" starttime="20220906 15:15:50.517" endtime="20220906 15:15:52.574"/>
</kw>
<status status="PASS" starttime="20220906 15:15:50.517" endtime="20220906 15:15:52.574"/>
</kw>
<status status="PASS" starttime="20220906 15:15:46.393" endtime="20220906 15:15:52.575"/>
</test>
<test id="s1-t3" name="TC004-Register With Used Email" line="29">
<kw name="Open Application" library="SetupTearDown" type="SETUP">
<kw name="Open Browser" library="SeleniumLibrary">
<arg>https://demo.nopcommerce.com/</arg>
<arg>chrome</arg>
<arg>alias=MainBrowser</arg>
<doc>Opens a new browser instance to the optional ``url``.</doc>
<msg timestamp="20220906 15:15:52.578" level="INFO">Opening browser 'chrome' to base url 'https://demo.nopcommerce.com/'.</msg>
<status status="PASS" starttime="20220906 15:15:52.577" endtime="20220906 15:15:54.213"/>
</kw>
<status status="PASS" starttime="20220906 15:15:52.577" endtime="20220906 15:15:54.213"/>
</kw>
<kw name="Open Register Page" library="Register">
<kw name="Click Element" library="SeleniumLibrary">
<arg>${Register}</arg>
<doc>Click the element identified by ``locator``.</doc>
<msg timestamp="20220906 15:15:54.214" level="INFO">Clicking element 'xpath=//a[@class='ico-register']'.</msg>
<status status="PASS" starttime="20220906 15:15:54.214" endtime="20220906 15:15:54.646"/>
</kw>
<status status="PASS" starttime="20220906 15:15:54.213" endtime="20220906 15:15:54.646"/>
</kw>
<kw name="Input Personal Details" library="Register">
<arg>${FirstName}</arg>
<arg>${LastName}</arg>
<arg>${RandomEmail}</arg>
<kw name="Click Element" library="SeleniumLibrary">
<arg>${SexMale}</arg>
<doc>Click the element identified by ``locator``.</doc>
<msg timestamp="20220906 15:15:54.647" level="INFO">Clicking element 'id=gender-male'.</msg>
<status status="PASS" starttime="20220906 15:15:54.647" endtime="20220906 15:15:54.678"/>
</kw>
<kw name="Input Text" library="SeleniumLibrary">
<arg>${InputRegisterName}</arg>
<arg>${arg1}</arg>
<doc>Types the given ``text`` into the text field identified by ``locator``.</doc>
<msg timestamp="20220906 15:15:54.679" level="INFO">Typing text 'Ilija' into text field 'id=FirstName'.</msg>
<status status="PASS" starttime="20220906 15:15:54.679" endtime="20220906 15:15:54.732"/>
</kw>
<kw name="Input Text" library="SeleniumLibrary">
<arg>${InputRegisterLastName}</arg>
<arg>${arg2}</arg>
<doc>Types the given ``text`` into the text field identified by ``locator``.</doc>
<msg timestamp="20220906 15:15:54.733" level="INFO">Typing text 'Milanoski' into text field 'id=LastName'.</msg>
<status status="PASS" starttime="20220906 15:15:54.732" endtime="20220906 15:15:54.785"/>
</kw>
<kw name="Select From List By Value" library="SeleniumLibrary">
<arg>${DayOfBirth}</arg>
<arg>30</arg>
<doc>Selects options from selection list ``locator`` by ``values``.</doc>
<msg timestamp="20220906 15:15:54.786" level="INFO">Selecting options from selection list 'name=DateOfBirthDay' by value 30.</msg>
<status status="PASS" starttime="20220906 15:15:54.785" endtime="20220906 15:15:54.823"/>
</kw>
<kw name="Select From List By Label" library="SeleniumLibrary">
<arg>${MonthOfBirth}</arg>
<arg>July</arg>
<doc>Selects options from selection list ``locator`` by ``labels``.</doc>
<msg timestamp="20220906 15:15:54.823" level="INFO">Selecting options from selection list 'name=DateOfBirthMonth' by label July.</msg>
<status status="PASS" starttime="20220906 15:15:54.823" endtime="20220906 15:15:54.860"/>
</kw>
<kw name="Select From List By Label" library="SeleniumLibrary">
<arg>${YearOfBirth}</arg>
<arg>1992</arg>
<doc>Selects options from selection list ``locator`` by ``labels``.</doc>
<msg timestamp="20220906 15:15:54.861" level="INFO">Selecting options from selection list 'name=DateOfBirthYear' by label 1992.</msg>
<status status="PASS" starttime="20220906 15:15:54.860" endtime="20220906 15:15:54.896"/>
</kw>
<kw name="Input Text" library="SeleniumLibrary">
<arg>${RegisterEmail}</arg>
<arg>${arg3}</arg>
<doc>Types the given ``text`` into the text field identified by ``locator``.</doc>
<msg timestamp="20220906 15:15:54.897" level="INFO">Typing text 'e733ce5ae83089@gmail.com' into text field 'id=Email'.</msg>
<status status="PASS" starttime="20220906 15:15:54.897" endtime="20220906 15:15:54.951"/>
</kw>
<status status="PASS" starttime="20220906 15:15:54.646" endtime="20220906 15:15:54.951"/>
</kw>
<kw name="Company Name" library="Register">
<kw name="Input Text" library="SeleniumLibrary">
<arg>${InputCompany}</arg>
<arg>${CompanyName}</arg>
<doc>Types the given ``text`` into the text field identified by ``locator``.</doc>
<msg timestamp="20220906 15:15:54.952" level="INFO">Typing text 'IWConnect' into text field 'id=Company'.</msg>
<status status="PASS" starttime="20220906 15:15:54.952" endtime="20220906 15:15:55.002"/>
</kw>
<status status="PASS" starttime="20220906 15:15:54.952" endtime="20220906 15:15:55.002"/>
</kw>
<kw name="Checkbox Newsletter" library="Register">
<kw name="Select Checkbox" library="SeleniumLibrary">
<arg>${NewsLetterCheckbox}</arg>
<doc>Selects the checkbox identified by ``locator``.</doc>
<msg timestamp="20220906 15:15:55.003" level="INFO">Selecting checkbox 'id=Newsletter'.</msg>
<status status="PASS" starttime="20220906 15:15:55.002" endtime="20220906 15:15:55.024"/>
</kw>
<status status="PASS" starttime="20220906 15:15:55.002" endtime="20220906 15:15:55.024"/>
</kw>
<kw name="Password Input" library="Register">
<arg>${ValidPassword}</arg>
<kw name="Input Password" library="SeleniumLibrary">
<arg>${InputPassword}</arg>
<arg>${arg1}</arg>
<doc>Types the given password into the text field identified by ``locator``.</doc>
<msg timestamp="20220906 15:15:55.025" level="INFO">Typing password into text field 'id=Password'.</msg>
<msg timestamp="20220906 15:15:55.050" level="INFO">Temporally setting log level to: NONE</msg>
<msg timestamp="20220906 15:15:55.083" level="INFO">Log level changed from NONE to INFO.</msg>
<status status="PASS" starttime="20220906 15:15:55.025" endtime="20220906 15:15:55.083"/>
</kw>
<status status="PASS" starttime="20220906 15:15:55.024" endtime="20220906 15:15:55.083"/>
</kw>
<kw name="Confirm Password Input" library="Register">
<arg>${ValidPassword}</arg>
<kw name="Input Password" library="SeleniumLibrary">
<arg>${InputConfirmPassword}</arg>
<arg>${arg1}</arg>
<doc>Types the given password into the text field identified by ``locator``.</doc>
<msg timestamp="20220906 15:15:55.083" level="INFO">Typing password into text field 'id=ConfirmPassword'.</msg>
<msg timestamp="20220906 15:15:55.107" level="INFO">Temporally setting log level to: NONE</msg>
<msg timestamp="20220906 15:15:55.136" level="INFO">Log level changed from NONE to INFO.</msg>
<status status="PASS" starttime="20220906 15:15:55.083" endtime="20220906 15:15:55.136"/>
</kw>
<status status="PASS" starttime="20220906 15:15:55.083" endtime="20220906 15:15:55.136"/>
</kw>
<kw name="Click Register Button" library="Register">
<kw name="Click Button" library="SeleniumLibrary">
<arg>${RegisterButton}</arg>
<doc>Clicks the button identified by ``locator``.</doc>
<msg timestamp="20220906 15:15:55.137" level="INFO">Clicking button 'name=register-button'.</msg>
<status status="PASS" starttime="20220906 15:15:55.137" endtime="20220906 15:15:55.516"/>
</kw>
<status status="PASS" starttime="20220906 15:15:55.136" endtime="20220906 15:15:55.516"/>
</kw>
<kw name="Verify Already Used Email" library="Register">
<kw name="Element Text Should Be" library="SeleniumLibrary">
<arg>${UsedEmailError}</arg>
<arg>${UsedEmailErrorText}</arg>
<doc>Verifies that element ``locator`` contains exact the text ``expected``.</doc>
<msg timestamp="20220906 15:15:55.518" level="INFO">Verifying element 'xpath=//div[@class='message-error validation-summary-errors']' contains exact text 'The specified email already exists'.</msg>
<status status="PASS" starttime="20220906 15:15:55.518" endtime="20220906 15:15:55.537"/>
</kw>
<status status="PASS" starttime="20220906 15:15:55.517" endtime="20220906 15:15:55.538"/>
</kw>
<kw name="Close Application" library="SetupTearDown" type="TEARDOWN">
<kw name="Close Browser" library="SeleniumLibrary">
<doc>Closes the current browser.</doc>
<status status="PASS" starttime="20220906 15:15:55.539" endtime="20220906 15:15:57.604"/>
</kw>
<status status="PASS" starttime="20220906 15:15:55.538" endtime="20220906 15:15:57.604"/>
</kw>
<status status="PASS" starttime="20220906 15:15:52.577" endtime="20220906 15:15:57.605"/>
</test>
<test id="s1-t4" name="TC005-Register User Without Confirm Password" line="39">
<kw name="Open Application" library="SetupTearDown" type="SETUP">
<kw name="Open Browser" library="SeleniumLibrary">
<arg>https://demo.nopcommerce.com/</arg>
<arg>chrome</arg>
<arg>alias=MainBrowser</arg>
<doc>Opens a new browser instance to the optional ``url``.</doc>
<msg timestamp="20220906 15:15:57.611" level="INFO">Opening browser 'chrome' to base url 'https://demo.nopcommerce.com/'.</msg>
<status status="PASS" starttime="20220906 15:15:57.609" endtime="20220906 15:16:00.138"/>
</kw>
<status status="PASS" starttime="20220906 15:15:57.609" endtime="20220906 15:16:00.138"/>
</kw>
<kw name="Open Register Page" library="Register">
<kw name="Click Element" library="SeleniumLibrary">
<arg>${Register}</arg>
<doc>Click the element identified by ``locator``.</doc>
<msg timestamp="20220906 15:16:00.140" level="INFO">Clicking element 'xpath=//a[@class='ico-register']'.</msg>
<status status="PASS" starttime="20220906 15:16:00.139" endtime="20220906 15:16:00.559"/>
</kw>
<status status="PASS" starttime="20220906 15:16:00.139" endtime="20220906 15:16:00.560"/>
</kw>
<kw name="Input Personal Details" library="Register">
<arg>${FirstName}</arg>
<arg>${LastName}</arg>
<arg>${RandomEmail}</arg>
<kw name="Click Element" library="SeleniumLibrary">
<arg>${SexMale}</arg>
<doc>Click the element identified by ``locator``.</doc>
<msg timestamp="20220906 15:16:00.561" level="INFO">Clicking element 'id=gender-male'.</msg>
<status status="PASS" starttime="20220906 15:16:00.561" endtime="20220906 15:16:00.591"/>
</kw>
<kw name="Input Text" library="SeleniumLibrary">
<arg>${InputRegisterName}</arg>
<arg>${arg1}</arg>
<doc>Types the given ``text`` into the text field identified by ``locator``.</doc>
<msg timestamp="20220906 15:16:00.591" level="INFO">Typing text 'Ilija' into text field 'id=FirstName'.</msg>
<status status="PASS" starttime="20220906 15:16:00.591" endtime="20220906 15:16:00.644"/>
</kw>
<kw name="Input Text" library="SeleniumLibrary">
<arg>${InputRegisterLastName}</arg>
<arg>${arg2}</arg>
<doc>Types the given ``text`` into the text field identified by ``locator``.</doc>
<msg timestamp="20220906 15:16:00.645" level="INFO">Typing text 'Milanoski' into text field 'id=LastName'.</msg>
<status status="PASS" starttime="20220906 15:16:00.644" endtime="20220906 15:16:00.699"/>
</kw>
<kw name="Select From List By Value" library="SeleniumLibrary">
<arg>${DayOfBirth}</arg>
<arg>30</arg>
<doc>Selects options from selection list ``locator`` by ``values``.</doc>
<msg timestamp="20220906 15:16:00.699" level="INFO">Selecting options from selection list 'name=DateOfBirthDay' by value 30.</msg>
<status status="PASS" starttime="20220906 15:16:00.699" endtime="20220906 15:16:00.738"/>
</kw>
<kw name="Select From List By Label" library="SeleniumLibrary">
<arg>${MonthOfBirth}</arg>
<arg>July</arg>
<doc>Selects options from selection list ``locator`` by ``labels``.</doc>
<msg timestamp="20220906 15:16:00.739" level="INFO">Selecting options from selection list 'name=DateOfBirthMonth' by label July.</msg>
<status status="PASS" starttime="20220906 15:16:00.739" endtime="20220906 15:16:00.777"/>
</kw>
<kw name="Select From List By Label" library="SeleniumLibrary">
<arg>${YearOfBirth}</arg>
<arg>1992</arg>
<doc>Selects options from selection list ``locator`` by ``labels``.</doc>
<msg timestamp="20220906 15:16:00.777" level="INFO">Selecting options from selection list 'name=DateOfBirthYear' by label 1992.</msg>
<status status="PASS" starttime="20220906 15:16:00.777" endtime="20220906 15:16:00.815"/>
</kw>
<kw name="Input Text" library="SeleniumLibrary">
<arg>${RegisterEmail}</arg>
<arg>${arg3}</arg>
<doc>Types the given ``text`` into the text field identified by ``locator``.</doc>
<msg timestamp="20220906 15:16:00.815" level="INFO">Typing text 'e733ce5ae83089@gmail.com' into text field 'id=Email'.</msg>
<status status="PASS" starttime="20220906 15:16:00.815" endtime="20220906 15:16:00.869"/>
</kw>
<status status="PASS" starttime="20220906 15:16:00.560" endtime="20220906 15:16:00.870"/>
</kw>
<kw name="Company Name" library="Register">
<kw name="Input Text" library="SeleniumLibrary">
<arg>${InputCompany}</arg>
<arg>${CompanyName}</arg>
<doc>Types the given ``text`` into the text field identified by ``locator``.</doc>
<msg timestamp="20220906 15:16:00.870" level="INFO">Typing text 'IWConnect' into text field 'id=Company'.</msg>
<status status="PASS" starttime="20220906 15:16:00.870" endtime="20220906 15:16:00.920"/>
</kw>
<status status="PASS" starttime="20220906 15:16:00.870" endtime="20220906 15:16:00.920"/>
</kw>
<kw name="Checkbox Newsletter" library="Register">
<kw name="Select Checkbox" library="SeleniumLibrary">
<arg>${NewsLetterCheckbox}</arg>
<doc>Selects the checkbox identified by ``locator``.</doc>
<msg timestamp="20220906 15:16:00.921" level="INFO">Selecting checkbox 'id=Newsletter'.</msg>
<status status="PASS" starttime="20220906 15:16:00.921" endtime="20220906 15:16:00.943"/>
</kw>
<status status="PASS" starttime="20220906 15:16:00.920" endtime="20220906 15:16:00.943"/>
</kw>
<kw name="Password Input" library="Register">
<arg>${ValidPassword}</arg>
<kw name="Input Password" library="SeleniumLibrary">
<arg>${InputPassword}</arg>
<arg>${arg1}</arg>
<doc>Types the given password into the text field identified by ``locator``.</doc>
<msg timestamp="20220906 15:16:00.944" level="INFO">Typing password into text field 'id=Password'.</msg>
<msg timestamp="20220906 15:16:00.967" level="INFO">Temporally setting log level to: NONE</msg>
<msg timestamp="20220906 15:16:00.999" level="INFO">Log level changed from NONE to INFO.</msg>
<status status="PASS" starttime="20220906 15:16:00.944" endtime="20220906 15:16:00.999"/>
</kw>
<status status="PASS" starttime="20220906 15:16:00.944" endtime="20220906 15:16:00.999"/>
</kw>
<kw name="Click Register Button" library="Register">
<kw name="Click Button" library="SeleniumLibrary">
<arg>${RegisterButton}</arg>
<doc>Clicks the button identified by ``locator``.</doc>
<msg timestamp="20220906 15:16:01.000" level="INFO">Clicking button 'name=register-button'.</msg>
<status status="PASS" starttime="20220906 15:16:01.000" endtime="20220906 15:16:01.040"/>
</kw>
<status status="PASS" starttime="20220906 15:16:01.000" endtime="20220906 15:16:01.040"/>
</kw>
<kw name="Verify Confirm Password" library="Register">
<arg>${MissingConfirmPasswordText}</arg>
<kw name="Element Text Should Be" library="SeleniumLibrary">
<arg>${MissingConfirmPassword}</arg>
<arg>${arg1}</arg>
<doc>Verifies that element ``locator`` contains exact the text ``expected``.</doc>
<msg timestamp="20220906 15:16:01.041" level="INFO">Verifying element 'id=ConfirmPassword-error' contains exact text 'Password is required.'.</msg>
<status status="PASS" starttime="20220906 15:16:01.041" endtime="20220906 15:16:01.057"/>
</kw>
<status status="PASS" starttime="20220906 15:16:01.041" endtime="20220906 15:16:01.057"/>
</kw>
<kw name="Close Application" library="SetupTearDown" type="TEARDOWN">
<kw name="Close Browser" library="SeleniumLibrary">
<doc>Closes the current browser.</doc>
<status status="PASS" starttime="20220906 15:16:01.058" endtime="20220906 15:16:03.113"/>
</kw>
<status status="PASS" starttime="20220906 15:16:01.057" endtime="20220906 15:16:03.114"/>
</kw>
<status status="PASS" starttime="20220906 15:15:57.607" endtime="20220906 15:16:03.115"/>
</test>
<test id="s1-t5" name="TC005-Register User Without Password" line="48">
<kw name="Open Application" library="SetupTearDown" type="SETUP">
<kw name="Open Browser" library="SeleniumLibrary">
<arg>https://demo.nopcommerce.com/</arg>
<arg>chrome</arg>
<arg>alias=MainBrowser</arg>
<doc>Opens a new browser instance to the optional ``url``.</doc>
<msg timestamp="20220906 15:16:03.120" level="INFO">Opening browser 'chrome' to base url 'https://demo.nopcommerce.com/'.</msg>
<status status="PASS" starttime="20220906 15:16:03.120" endtime="20220906 15:16:04.545"/>
</kw>
<status status="PASS" starttime="20220906 15:16:03.119" endtime="20220906 15:16:04.545"/>
</kw>
<kw name="Open Register Page" library="Register">
<kw name="Click Element" library="SeleniumLibrary">
<arg>${Register}</arg>
<doc>Click the element identified by ``locator``.</doc>
<msg timestamp="20220906 15:16:04.546" level="INFO">Clicking element 'xpath=//a[@class='ico-register']'.</msg>
<status status="PASS" starttime="20220906 15:16:04.546" endtime="20220906 15:16:04.982"/>
</kw>
<status status="PASS" starttime="20220906 15:16:04.546" endtime="20220906 15:16:04.982"/>
</kw>
<kw name="Input Personal Details" library="Register">
<arg>${FirstName}</arg>
<arg>${LastName}</arg>
<arg>${RandomEmail}</arg>
<kw name="Click Element" library="SeleniumLibrary">
<arg>${SexMale}</arg>
<doc>Click the element identified by ``locator``.</doc>
<msg timestamp="20220906 15:16:04.984" level="INFO">Clicking element 'id=gender-male'.</msg>
<status status="PASS" starttime="20220906 15:16:04.984" endtime="20220906 15:16:05.015"/>
</kw>
<kw name="Input Text" library="SeleniumLibrary">
<arg>${InputRegisterName}</arg>
<arg>${arg1}</arg>
<doc>Types the given ``text`` into the text field identified by ``locator``.</doc>
<msg timestamp="20220906 15:16:05.016" level="INFO">Typing text 'Ilija' into text field 'id=FirstName'.</msg>
<status status="PASS" starttime="20220906 15:16:05.015" endtime="20220906 15:16:05.068"/>
</kw>
<kw name="Input Text" library="SeleniumLibrary">
<arg>${InputRegisterLastName}</arg>
<arg>${arg2}</arg>
<doc>Types the given ``text`` into the text field identified by ``locator``.</doc>
<msg timestamp="20220906 15:16:05.068" level="INFO">Typing text 'Milanoski' into text field 'id=LastName'.</msg>
<status status="PASS" starttime="20220906 15:16:05.068" endtime="20220906 15:16:05.120"/>
</kw>
<kw name="Select From List By Value" library="SeleniumLibrary">
<arg>${DayOfBirth}</arg>
<arg>30</arg>
<doc>Selects options from selection list ``locator`` by ``values``.</doc>
<msg timestamp="20220906 15:16:05.121" level="INFO">Selecting options from selection list 'name=DateOfBirthDay' by value 30.</msg>
<status status="PASS" starttime="20220906 15:16:05.120" endtime="20220906 15:16:05.158"/>
</kw>
<kw name="Select From List By Label" library="SeleniumLibrary">
<arg>${MonthOfBirth}</arg>
<arg>July</arg>
<doc>Selects options from selection list ``locator`` by ``labels``.</doc>
<msg timestamp="20220906 15:16:05.159" level="INFO">Selecting options from selection list 'name=DateOfBirthMonth' by label July.</msg>
<status status="PASS" starttime="20220906 15:16:05.159" endtime="20220906 15:16:05.195"/>
</kw>
<kw name="Select From List By Label" library="SeleniumLibrary">
<arg>${YearOfBirth}</arg>
<arg>1992</arg>
<doc>Selects options from selection list ``locator`` by ``labels``.</doc>
<msg timestamp="20220906 15:16:05.195" level="INFO">Selecting options from selection list 'name=DateOfBirthYear' by label 1992.</msg>
<status status="PASS" starttime="20220906 15:16:05.195" endtime="20220906 15:16:05.233"/>
</kw>
<kw name="Input Text" library="SeleniumLibrary">
<arg>${RegisterEmail}</arg>
<arg>${arg3}</arg>
<doc>Types the given ``text`` into the text field identified by ``locator``.</doc>
<msg timestamp="20220906 15:16:05.233" level="INFO">Typing text 'e733ce5ae83089@gmail.com' into text field 'id=Email'.</msg>
<status status="PASS" starttime="20220906 15:16:05.233" endtime="20220906 15:16:05.287"/>
</kw>
<status status="PASS" starttime="20220906 15:16:04.983" endtime="20220906 15:16:05.287"/>
</kw>
<kw name="Company Name" library="Register">
<kw name="Input Text" library="SeleniumLibrary">
<arg>${InputCompany}</arg>
<arg>${CompanyName}</arg>
<doc>Types the given ``text`` into the text field identified by ``locator``.</doc>
<msg timestamp="20220906 15:16:05.288" level="INFO">Typing text 'IWConnect' into text field 'id=Company'.</msg>
<status status="PASS" starttime="20220906 15:16:05.288" endtime="20220906 15:16:05.339"/>
</kw>
<status status="PASS" starttime="20220906 15:16:05.287" endtime="20220906 15:16:05.339"/>
</kw>
<kw name="Checkbox Newsletter" library="Register">
<kw name="Select Checkbox" library="SeleniumLibrary">
<arg>${NewsLetterCheckbox}</arg>
<doc>Selects the checkbox identified by ``locator``.</doc>
<msg timestamp="20220906 15:16:05.340" level="INFO">Selecting checkbox 'id=Newsletter'.</msg>
<status status="PASS" starttime="20220906 15:16:05.340" endtime="20220906 15:16:05.362"/>
</kw>
<status status="PASS" starttime="20220906 15:16:05.339" endtime="20220906 15:16:05.362"/>
</kw>
<kw name="Confirm Password Input" library="Register">
<arg>${ValidPassword}</arg>
<kw name="Input Password" library="SeleniumLibrary">
<arg>${InputConfirmPassword}</arg>
<arg>${arg1}</arg>
<doc>Types the given password into the text field identified by ``locator``.</doc>
<msg timestamp="20220906 15:16:05.363" level="INFO">Typing password into text field 'id=ConfirmPassword'.</msg>
<msg timestamp="20220906 15:16:05.385" level="INFO">Temporally setting log level to: NONE</msg>
<msg timestamp="20220906 15:16:05.415" level="INFO">Log level changed from NONE to INFO.</msg>
<status status="PASS" starttime="20220906 15:16:05.362" endtime="20220906 15:16:05.415"/>
</kw>
<status status="PASS" starttime="20220906 15:16:05.362" endtime="20220906 15:16:05.416"/>
</kw>
<kw name="Click Register Button" library="Register">
<kw name="Click Button" library="SeleniumLibrary">
<arg>${RegisterButton}</arg>
<doc>Clicks the button identified by ``locator``.</doc>
<msg timestamp="20220906 15:16:05.416" level="INFO">Clicking button 'name=register-button'.</msg>
<status status="PASS" starttime="20220906 15:16:05.416" endtime="20220906 15:16:05.451"/>
</kw>
<status status="PASS" starttime="20220906 15:16:05.416" endtime="20220906 15:16:05.451"/>
</kw>
<kw name="Verify Confirm Password" library="Register">
<arg>${PasswordAndConfirmPasswordNotMatchText}</arg>
<kw name="Element Text Should Be" library="SeleniumLibrary">
<arg>${MissingConfirmPassword}</arg>
<arg>${arg1}</arg>
<doc>Verifies that element ``locator`` contains exact the text ``expected``.</doc>
<msg timestamp="20220906 15:16:05.452" level="INFO">Verifying element 'id=ConfirmPassword-error' contains exact text 'The password and confirmation password do not match.'.</msg>
<status status="PASS" starttime="20220906 15:16:05.452" endtime="20220906 15:16:05.466"/>
</kw>
<status status="PASS" starttime="20220906 15:16:05.451" endtime="20220906 15:16:05.466"/>
</kw>
<kw name="Close Application" library="SetupTearDown" type="TEARDOWN">
<kw name="Close Browser" library="SeleniumLibrary">
<doc>Closes the current browser.</doc>
<status status="PASS" starttime="20220906 15:16:05.467" endtime="20220906 15:16:07.524"/>
</kw>
<status status="PASS" starttime="20220906 15:16:05.467" endtime="20220906 15:16:07.524"/>
</kw>
<status status="PASS" starttime="20220906 15:16:03.118" endtime="20220906 15:16:07.525"/>
</test>
<test id="s1-t6" name="TC006-Register Without Password and Confirm Password" line="57">
<kw name="Open Application" library="SetupTearDown" type="SETUP">
<kw name="Open Browser" library="SeleniumLibrary">
<arg>https://demo.nopcommerce.com/</arg>
<arg>chrome</arg>
<arg>alias=MainBrowser</arg>
<doc>Opens a new browser instance to the optional ``url``.</doc>
<msg timestamp="20220906 15:16:07.528" level="INFO">Opening browser 'chrome' to base url 'https://demo.nopcommerce.com/'.</msg>
<status status="PASS" starttime="20220906 15:16:07.528" endtime="20220906 15:16:09.040"/>
</kw>
<status status="PASS" starttime="20220906 15:16:07.527" endtime="20220906 15:16:09.040"/>
</kw>
<kw name="Open Register Page" library="Register">
<kw name="Click Element" library="SeleniumLibrary">
<arg>${Register}</arg>
<doc>Click the element identified by ``locator``.</doc>
<msg timestamp="20220906 15:16:09.041" level="INFO">Clicking element 'xpath=//a[@class='ico-register']'.</msg>
<status status="PASS" starttime="20220906 15:16:09.041" endtime="20220906 15:16:09.470"/>
</kw>
<status status="PASS" starttime="20220906 15:16:09.041" endtime="20220906 15:16:09.471"/>
</kw>
<kw name="Input Personal Details" library="Register">
<arg>${FirstName}</arg>
<arg>${LastName}</arg>
<arg>${RandomEmail}</arg>
<kw name="Click Element" library="SeleniumLibrary">
<arg>${SexMale}</arg>
<doc>Click the element identified by ``locator``.</doc>
<msg timestamp="20220906 15:16:09.473" level="INFO">Clicking element 'id=gender-male'.</msg>
<status status="PASS" starttime="20220906 15:16:09.472" endtime="20220906 15:16:09.504"/>
</kw>
<kw name="Input Text" library="SeleniumLibrary">
<arg>${InputRegisterName}</arg>
<arg>${arg1}</arg>
<doc>Types the given ``text`` into the text field identified by ``locator``.</doc>
<msg timestamp="20220906 15:16:09.504" level="INFO">Typing text 'Ilija' into text field 'id=FirstName'.</msg>
<status status="PASS" starttime="20220906 15:16:09.504" endtime="20220906 15:16:09.559"/>
</kw>
<kw name="Input Text" library="SeleniumLibrary">
<arg>${InputRegisterLastName}</arg>
<arg>${arg2}</arg>
<doc>Types the given ``text`` into the text field identified by ``locator``.</doc>
<msg timestamp="20220906 15:16:09.560" level="INFO">Typing text 'Milanoski' into text field 'id=LastName'.</msg>
<status status="PASS" starttime="20220906 15:16:09.559" endtime="20220906 15:16:09.612"/>
</kw>
<kw name="Select From List By Value" library="SeleniumLibrary">
<arg>${DayOfBirth}</arg>
<arg>30</arg>
<doc>Selects options from selection list ``locator`` by ``values``.</doc>
<msg timestamp="20220906 15:16:09.612" level="INFO">Selecting options from selection list 'name=DateOfBirthDay' by value 30.</msg>
<status status="PASS" starttime="20220906 15:16:09.612" endtime="20220906 15:16:09.648"/>
</kw>
<kw name="Select From List By Label" library="SeleniumLibrary">
<arg>${MonthOfBirth}</arg>
<arg>July</arg>
<doc>Selects options from selection list ``locator`` by ``labels``.</doc>
<msg timestamp="20220906 15:16:09.648" level="INFO">Selecting options from selection list 'name=DateOfBirthMonth' by label July.</msg>
<status status="PASS" starttime="20220906 15:16:09.648" endtime="20220906 15:16:09.685"/>
</kw>
<kw name="Select From List By Label" library="SeleniumLibrary">
<arg>${YearOfBirth}</arg>
<arg>1992</arg>
<doc>Selects options from selection list ``locator`` by ``labels``.</doc>
<msg timestamp="20220906 15:16:09.686" level="INFO">Selecting options from selection list 'name=DateOfBirthYear' by label 1992.</msg>
<status status="PASS" starttime="20220906 15:16:09.685" endtime="20220906 15:16:09.720"/>
</kw>
<kw name="Input Text" library="SeleniumLibrary">
<arg>${RegisterEmail}</arg>
<arg>${arg3}</arg>
<doc>Types the given ``text`` into the text field identified by ``locator``.</doc>
<msg timestamp="20220906 15:16:09.721" level="INFO">Typing text 'e733ce5ae83089@gmail.com' into text field 'id=Email'.</msg>
<status status="PASS" starttime="20220906 15:16:09.720" endtime="20220906 15:16:09.773"/>
</kw>
<status status="PASS" starttime="20220906 15:16:09.471" endtime="20220906 15:16:09.773"/>
</kw>
<kw name="Company Name" library="Register">
<kw name="Input Text" library="SeleniumLibrary">
<arg>${InputCompany}</arg>
<arg>${CompanyName}</arg>
<doc>Types the given ``text`` into the text field identified by ``locator``.</doc>
<msg timestamp="20220906 15:16:09.774" level="INFO">Typing text 'IWConnect' into text field 'id=Company'.</msg>
<status status="PASS" starttime="20220906 15:16:09.773" endtime="20220906 15:16:09.822"/>
</kw>
<status status="PASS" starttime="20220906 15:16:09.773" endtime="20220906 15:16:09.822"/>
</kw>
<kw name="Checkbox Newsletter" library="Register">
<kw name="Select Checkbox" library="SeleniumLibrary">
<arg>${NewsLetterCheckbox}</arg>
<doc>Selects the checkbox identified by ``locator``.</doc>
<msg timestamp="20220906 15:16:09.823" level="INFO">Selecting checkbox 'id=Newsletter'.</msg>
<status status="PASS" starttime="20220906 15:16:09.823" endtime="20220906 15:16:09.844"/>
</kw>
<status status="PASS" starttime="20220906 15:16:09.823" endtime="20220906 15:16:09.845"/>
</kw>
<kw name="Click Register Button" library="Register">
<kw name="Click Button" library="SeleniumLibrary">
<arg>${RegisterButton}</arg>
<doc>Clicks the button identified by ``locator``.</doc>
<msg timestamp="20220906 15:16:09.845" level="INFO">Clicking button 'name=register-button'.</msg>
<status status="PASS" starttime="20220906 15:16:09.845" endtime="20220906 15:16:09.886"/>
</kw>
<status status="PASS" starttime="20220906 15:16:09.845" endtime="20220906 15:16:09.886"/>
</kw>
<kw name="Verify Password" library="Register">
<arg>${MissingPasswordErrorText}</arg>
<kw name="Element Text Should Be" library="SeleniumLibrary">
<arg>${MissingPassword}</arg>
<arg>${arg1}</arg>
<doc>Verifies that element ``locator`` contains exact the text ``expected``.</doc>
<msg timestamp="20220906 15:16:09.887" level="INFO">Verifying element 'id=Password-error' contains exact text 'Password is required.'.</msg>
<status status="PASS" starttime="20220906 15:16:09.886" endtime="20220906 15:16:09.901"/>
</kw>
<status status="PASS" starttime="20220906 15:16:09.886" endtime="20220906 15:16:09.902"/>
</kw>
<kw name="Verify Confirm Password" library="Register">
<arg>${MissingConfirmPasswordText}</arg>
<kw name="Element Text Should Be" library="SeleniumLibrary">
<arg>${MissingConfirmPassword}</arg>
<arg>${arg1}</arg>
<doc>Verifies that element ``locator`` contains exact the text ``expected``.</doc>
<msg timestamp="20220906 15:16:09.902" level="INFO">Verifying element 'id=ConfirmPassword-error' contains exact text 'Password is required.'.</msg>
<status status="PASS" starttime="20220906 15:16:09.902" endtime="20220906 15:16:09.915"/>
</kw>
<status status="PASS" starttime="20220906 15:16:09.902" endtime="20220906 15:16:09.915"/>
</kw>
<kw name="Close Application" library="SetupTearDown" type="TEARDOWN">
<kw name="Close Browser" library="SeleniumLibrary">
<doc>Closes the current browser.</doc>
<status status="PASS" starttime="20220906 15:16:09.916" endtime="20220906 15:16:11.968"/>
</kw>
<status status="PASS" starttime="20220906 15:16:09.916" endtime="20220906 15:16:11.969"/>
</kw>
<status status="PASS" starttime="20220906 15:16:07.527" endtime="20220906 15:16:11.970"/>
</test>
<test id="s1-t7" name="TC007-Register With Invalid Password" line="66">
<kw name="Open Application" library="SetupTearDown" type="SETUP">
<kw name="Open Browser" library="SeleniumLibrary">
<arg>https://demo.nopcommerce.com/</arg>
<arg>chrome</arg>
<arg>alias=MainBrowser</arg>
<doc>Opens a new browser instance to the optional ``url``.</doc>
<msg timestamp="20220906 15:16:11.976" level="INFO">Opening browser 'chrome' to base url 'https://demo.nopcommerce.com/'.</msg>
<status status="PASS" starttime="20220906 15:16:11.975" endtime="20220906 15:16:13.434"/>
</kw>
<status status="PASS" starttime="20220906 15:16:11.974" endtime="20220906 15:16:13.434"/>
</kw>
<kw name="Open Register Page" library="Register">
<kw name="Click Element" library="SeleniumLibrary">
<arg>${Register}</arg>
<doc>Click the element identified by ``locator``.</doc>
<msg timestamp="20220906 15:16:13.435" level="INFO">Clicking element 'xpath=//a[@class='ico-register']'.</msg>
<status status="PASS" starttime="20220906 15:16:13.435" endtime="20220906 15:16:13.894"/>
</kw>
<status status="PASS" starttime="20220906 15:16:13.434" endtime="20220906 15:16:13.894"/>
</kw>
<kw name="Input Personal Details" library="Register">
<arg>${FirstName}</arg>
<arg>${LastName}</arg>
<arg>${RandomEmail}</arg>
<kw name="Click Element" library="SeleniumLibrary">
<arg>${SexMale}</arg>
<doc>Click the element identified by ``locator``.</doc>
<msg timestamp="20220906 15:16:13.896" level="INFO">Clicking element 'id=gender-male'.</msg>
<status status="PASS" starttime="20220906 15:16:13.895" endtime="20220906 15:16:13.927"/>
</kw>
<kw name="Input Text" library="SeleniumLibrary">
<arg>${InputRegisterName}</arg>
<arg>${arg1}</arg>
<doc>Types the given ``text`` into the text field identified by ``locator``.</doc>
<msg timestamp="20220906 15:16:13.927" level="INFO">Typing text 'Ilija' into text field 'id=FirstName'.</msg>
<status status="PASS" starttime="20220906 15:16:13.927" endtime="20220906 15:16:13.979"/>
</kw>
<kw name="Input Text" library="SeleniumLibrary">
<arg>${InputRegisterLastName}</arg>
<arg>${arg2}</arg>
<doc>Types the given ``text`` into the text field identified by ``locator``.</doc>
<msg timestamp="20220906 15:16:13.979" level="INFO">Typing text 'Milanoski' into text field 'id=LastName'.</msg>
<status status="PASS" starttime="20220906 15:16:13.979" endtime="20220906 15:16:14.032"/>
</kw>
<kw name="Select From List By Value" library="SeleniumLibrary">
<arg>${DayOfBirth}</arg>
<arg>30</arg>
<doc>Selects options from selection list ``locator`` by ``values``.</doc>
<msg timestamp="20220906 15:16:14.032" level="INFO">Selecting options from selection list 'name=DateOfBirthDay' by value 30.</msg>
<status status="PASS" starttime="20220906 15:16:14.032" endtime="20220906 15:16:14.071"/>
</kw>
<kw name="Select From List By Label" library="SeleniumLibrary">
<arg>${MonthOfBirth}</arg>
<arg>July</arg>
<doc>Selects options from selection list ``locator`` by ``labels``.</doc>
<msg timestamp="20220906 15:16:14.071" level="INFO">Selecting options from selection list 'name=DateOfBirthMonth' by label July.</msg>
<status status="PASS" starttime="20220906 15:16:14.071" endtime="20220906 15:16:14.108"/>
</kw>
<kw name="Select From List By Label" library="SeleniumLibrary">
<arg>${YearOfBirth}</arg>
<arg>1992</arg>
<doc>Selects options from selection list ``locator`` by ``labels``.</doc>
<msg timestamp="20220906 15:16:14.109" level="INFO">Selecting options from selection list 'name=DateOfBirthYear' by label 1992.</msg>
<status status="PASS" starttime="20220906 15:16:14.108" endtime="20220906 15:16:14.144"/>
</kw>
<kw name="Input Text" library="SeleniumLibrary">
<arg>${RegisterEmail}</arg>
<arg>${arg3}</arg>
<doc>Types the given ``text`` into the text field identified by ``locator``.</doc>
<msg timestamp="20220906 15:16:14.144" level="INFO">Typing text 'e733ce5ae83089@gmail.com' into text field 'id=Email'.</msg>
<status status="PASS" starttime="20220906 15:16:14.144" endtime="20220906 15:16:14.201"/>
</kw>
<status status="PASS" starttime="20220906 15:16:13.895" endtime="20220906 15:16:14.201"/>
</kw>
<kw name="Company Name" library="Register">
<kw name="Input Text" library="SeleniumLibrary">
<arg>${InputCompany}</arg>
<arg>${CompanyName}</arg>
<doc>Types the given ``text`` into the text field identified by ``locator``.</doc>
<msg timestamp="20220906 15:16:14.201" level="INFO">Typing text 'IWConnect' into text field 'id=Company'.</msg>
<status status="PASS" starttime="20220906 15:16:14.201" endtime="20220906 15:16:14.252"/>
</kw>
<status status="PASS" starttime="20220906 15:16:14.201" endtime="20220906 15:16:14.252"/>
</kw>
<kw name="Checkbox Newsletter" library="Register">
<kw name="Select Checkbox" library="SeleniumLibrary">
<arg>${NewsLetterCheckbox}</arg>
<doc>Selects the checkbox identified by ``locator``.</doc>
<msg timestamp="20220906 15:16:14.252" level="INFO">Selecting checkbox 'id=Newsletter'.</msg>
<status status="PASS" starttime="20220906 15:16:14.252" endtime="20220906 15:16:14.274"/>
</kw>
<status status="PASS" starttime="20220906 15:16:14.252" endtime="20220906 15:16:14.274"/>
</kw>
<kw name="Password Input" library="Register">
<arg>${InvalidPassword}</arg>
<kw name="Input Password" library="SeleniumLibrary">
<arg>${InputPassword}</arg>
<arg>${arg1}</arg>
<doc>Types the given password into the text field identified by ``locator``.</doc>
<msg timestamp="20220906 15:16:14.275" level="INFO">Typing password into text field 'id=Password'.</msg>
<msg timestamp="20220906 15:16:14.298" level="INFO">Temporally setting log level to: NONE</msg>
<msg timestamp="20220906 15:16:14.327" level="INFO">Log level changed from NONE to INFO.</msg>
<status status="PASS" starttime="20220906 15:16:14.275" endtime="20220906 15:16:14.327"/>
</kw>
<status status="PASS" starttime="20220906 15:16:14.275" endtime="20220906 15:16:14.327"/>
</kw>
<kw name="Confirm Password Input" library="Register">
<arg>${ValidPassword}</arg>
<kw name="Input Password" library="SeleniumLibrary">
<arg>${InputConfirmPassword}</arg>
<arg>${arg1}</arg>
<doc>Types the given password into the text field identified by ``locator``.</doc>
<msg timestamp="20220906 15:16:14.328" level="INFO">Typing password into text field 'id=ConfirmPassword'.</msg>
<msg timestamp="20220906 15:16:14.351" level="INFO">Temporally setting log level to: NONE</msg>
<msg timestamp="20220906 15:16:14.384" level="INFO">Log level changed from NONE to INFO.</msg>
<status status="PASS" starttime="20220906 15:16:14.327" endtime="20220906 15:16:14.384"/>
</kw>
<status status="PASS" starttime="20220906 15:16:14.327" endtime="20220906 15:16:14.384"/>
</kw>
<kw name="Click Register Button" library="Register">
<kw name="Click Button" library="SeleniumLibrary">
<arg>${RegisterButton}</arg>
<doc>Clicks the button identified by ``locator``.</doc>
<msg timestamp="20220906 15:16:14.385" level="INFO">Clicking button 'name=register-button'.</msg>
<status status="PASS" starttime="20220906 15:16:14.384" endtime="20220906 15:16:14.420"/>
</kw>
<status status="PASS" starttime="20220906 15:16:14.384" endtime="20220906 15:16:14.420"/>
</kw>
<kw name="Verify Password" library="Register">
<arg>${InvalidPasswordErrorText}</arg>
<kw name="Element Text Should Be" library="SeleniumLibrary">
<arg>${MissingPassword}</arg>
<arg>${arg1}</arg>
<doc>Verifies that element ``locator`` contains exact the text ``expected``.</doc>
<msg timestamp="20220906 15:16:14.421" level="INFO">Verifying element 'id=Password-error' contains exact text 'Password must meet the following rules:
must have at least 6 characters'.</msg>
<status status="PASS" starttime="20220906 15:16:14.421" endtime="20220906 15:16:14.436"/>
</kw>
<status status="PASS" starttime="20220906 15:16:14.420" endtime="20220906 15:16:14.436"/>
</kw>
<kw name="Verify Confirm Password" library="Register">
<arg>${PasswordAndConfirmPasswordNotMatchText}</arg>
<kw name="Element Text Should Be" library="SeleniumLibrary">
<arg>${MissingConfirmPassword}</arg>
<arg>${arg1}</arg>
<doc>Verifies that element ``locator`` contains exact the text ``expected``.</doc>
<msg timestamp="20220906 15:16:14.437" level="INFO">Verifying element 'id=ConfirmPassword-error' contains exact text 'The password and confirmation password do not match.'.</msg>
<status status="PASS" starttime="20220906 15:16:14.437" endtime="20220906 15:16:14.450"/>
</kw>
<status status="PASS" starttime="20220906 15:16:14.436" endtime="20220906 15:16:14.451"/>
</kw>
<kw name="Close Application" library="SetupTearDown" type="TEARDOWN">
<kw name="Close Browser" library="SeleniumLibrary">
<doc>Closes the current browser.</doc>
<status status="PASS" starttime="20220906 15:16:14.451" endtime="20220906 15:16:16.509"/>
</kw>
<status status="PASS" starttime="20220906 15:16:14.451" endtime="20220906 15:16:16.510"/>
</kw>
<status status="PASS" starttime="20220906 15:16:11.973" endtime="20220906 15:16:16.510"/>
</test>
<test id="s1-t8" name="TC008-Register User With Empty First Name" line="77">
<kw name="Open Application" library="SetupTearDown" type="SETUP">
<kw name="Open Browser" library="SeleniumLibrary">
<arg>https://demo.nopcommerce.com/</arg>
<arg>chrome</arg>
<arg>alias=MainBrowser</arg>
<doc>Opens a new browser instance to the optional ``url``.</doc>
<msg timestamp="20220906 15:16:16.516" level="INFO">Opening browser 'chrome' to base url 'https://demo.nopcommerce.com/'.</msg>
<status status="PASS" starttime="20220906 15:16:16.515" endtime="20220906 15:16:18.015"/>
</kw>
<status status="PASS" starttime="20220906 15:16:16.515" endtime="20220906 15:16:18.015"/>
</kw>
<kw name="Open Register Page" library="Register">
<kw name="Click Element" library="SeleniumLibrary">
<arg>${Register}</arg>
<doc>Click the element identified by ``locator``.</doc>
<msg timestamp="20220906 15:16:18.016" level="INFO">Clicking element 'xpath=//a[@class='ico-register']'.</msg>
<status status="PASS" starttime="20220906 15:16:18.016" endtime="20220906 15:16:18.424"/>
</kw>
<status status="PASS" starttime="20220906 15:16:18.015" endtime="20220906 15:16:18.424"/>
</kw>
<kw name="Input Personal Details" library="Register">
<arg>${EMPTY}</arg>
<arg>${LastName}</arg>
<arg>${RandomEmail}</arg>
<kw name="Click Element" library="SeleniumLibrary">
<arg>${SexMale}</arg>
<doc>Click the element identified by ``locator``.</doc>
<msg timestamp="20220906 15:16:18.426" level="INFO">Clicking element 'id=gender-male'.</msg>
<status status="PASS" starttime="20220906 15:16:18.426" endtime="20220906 15:16:18.455"/>
</kw>
<kw name="Input Text" library="SeleniumLibrary">
<arg>${InputRegisterName}</arg>
<arg>${arg1}</arg>
<doc>Types the given ``text`` into the text field identified by ``locator``.</doc>
<msg timestamp="20220906 15:16:18.456" level="INFO">Typing text '' into text field 'id=FirstName'.</msg>
<status status="PASS" starttime="20220906 15:16:18.455" endtime="20220906 15:16:18.498"/>
</kw>
<kw name="Input Text" library="SeleniumLibrary">
<arg>${InputRegisterLastName}</arg>
<arg>${arg2}</arg>
<doc>Types the given ``text`` into the text field identified by ``locator``.</doc>
<msg timestamp="20220906 15:16:18.499" level="INFO">Typing text 'Milanoski' into text field 'id=LastName'.</msg>
<status status="PASS" starttime="20220906 15:16:18.499" endtime="20220906 15:16:18.551"/>
</kw>
<kw name="Select From List By Value" library="SeleniumLibrary">
<arg>${DayOfBirth}</arg>
<arg>30</arg>
<doc>Selects options from selection list ``locator`` by ``values``.</doc>
<msg timestamp="20220906 15:16:18.552" level="INFO">Selecting options from selection list 'name=DateOfBirthDay' by value 30.</msg>
<status status="PASS" starttime="20220906 15:16:18.552" endtime="20220906 15:16:18.591"/>
</kw>
<kw name="Select From List By Label" library="SeleniumLibrary">
<arg>${MonthOfBirth}</arg>
<arg>July</arg>
<doc>Selects options from selection list ``locator`` by ``labels``.</doc>
<msg timestamp="20220906 15:16:18.592" level="INFO">Selecting options from selection list 'name=DateOfBirthMonth' by label July.</msg>
<status status="PASS" starttime="20220906 15:16:18.592" endtime="20220906 15:16:18.628"/>
</kw>
<kw name="Select From List By Label" library="SeleniumLibrary">
<arg>${YearOfBirth}</arg>
<arg>1992</arg>
<doc>Selects options from selection list ``locator`` by ``labels``.</doc>
<msg timestamp="20220906 15:16:18.628" level="INFO">Selecting options from selection list 'name=DateOfBirthYear' by label 1992.</msg>
<status status="PASS" starttime="20220906 15:16:18.628" endtime="20220906 15:16:18.665"/>
</kw>
<kw name="Input Text" library="SeleniumLibrary">
<arg>${RegisterEmail}</arg>
<arg>${arg3}</arg>
<doc>Types the given ``text`` into the text field identified by ``locator``.</doc>
<msg timestamp="20220906 15:16:18.666" level="INFO">Typing text 'e733ce5ae83089@gmail.com' into text field 'id=Email'.</msg>
<status status="PASS" starttime="20220906 15:16:18.665" endtime="20220906 15:16:18.720"/>
</kw>
<status status="PASS" starttime="20220906 15:16:18.424" endtime="20220906 15:16:18.721"/>
</kw>
<kw name="Company Name" library="Register">
<kw name="Input Text" library="SeleniumLibrary">
<arg>${InputCompany}</arg>
<arg>${CompanyName}</arg>
<doc>Types the given ``text`` into the text field identified by ``locator``.</doc>
<msg timestamp="20220906 15:16:18.721" level="INFO">Typing text 'IWConnect' into text field 'id=Company'.</msg>
<status status="PASS" starttime="20220906 15:16:18.721" endtime="20220906 15:16:18.772"/>
</kw>
<status status="PASS" starttime="20220906 15:16:18.721" endtime="20220906 15:16:18.772"/>
</kw>
<kw name="Checkbox Newsletter" library="Register">
<kw name="Select Checkbox" library="SeleniumLibrary">
<arg>${NewsLetterCheckbox}</arg>
<doc>Selects the checkbox identified by ``locator``.</doc>
<msg timestamp="20220906 15:16:18.773" level="INFO">Selecting checkbox 'id=Newsletter'.</msg>
<status status="PASS" starttime="20220906 15:16:18.773" endtime="20220906 15:16:18.794"/>
</kw>
<status status="PASS" starttime="20220906 15:16:18.772" endtime="20220906 15:16:18.794"/>
</kw>
<kw name="Password Input" library="Register">
<arg>${ValidPassword}</arg>
<kw name="Input Password" library="SeleniumLibrary">
<arg>${InputPassword}</arg>
<arg>${arg1}</arg>
<doc>Types the given password into the text field identified by ``locator``.</doc>
<msg timestamp="20220906 15:16:18.795" level="INFO">Typing password into text field 'id=Password'.</msg>
<msg timestamp="20220906 15:16:18.817" level="INFO">Temporally setting log level to: NONE</msg>
<msg timestamp="20220906 15:16:18.847" level="INFO">Log level changed from NONE to INFO.</msg>
<status status="PASS" starttime="20220906 15:16:18.795" endtime="20220906 15:16:18.847"/>
</kw>
<status status="PASS" starttime="20220906 15:16:18.794" endtime="20220906 15:16:18.847"/>
</kw>
<kw name="Confirm Password Input" library="Register">
<arg>${ValidPassword}</arg>
<kw name="Input Password" library="SeleniumLibrary">
<arg>${InputConfirmPassword}</arg>
<arg>${arg1}</arg>
<doc>Types the given password into the text field identified by ``locator``.</doc>
<msg timestamp="20220906 15:16:18.848" level="INFO">Typing password into text field 'id=ConfirmPassword'.</msg>
<msg timestamp="20220906 15:16:18.874" level="INFO">Temporally setting log level to: NONE</msg>
<msg timestamp="20220906 15:16:18.902" level="INFO">Log level changed from NONE to INFO.</msg>
<status status="PASS" starttime="20220906 15:16:18.848" endtime="20220906 15:16:18.902"/>
</kw>
<status status="PASS" starttime="20220906 15:16:18.848" endtime="20220906 15:16:18.902"/>
</kw>
<kw name="Click Register Button" library="Register">
<kw name="Click Button" library="SeleniumLibrary">
<arg>${RegisterButton}</arg>
<doc>Clicks the button identified by ``locator``.</doc>
<msg timestamp="20220906 15:16:18.903" level="INFO">Clicking button 'name=register-button'.</msg>
<status status="PASS" starttime="20220906 15:16:18.903" endtime="20220906 15:16:18.943"/>
</kw>
<status status="PASS" starttime="20220906 15:16:18.903" endtime="20220906 15:16:18.943"/>
</kw>
<kw name="Verify First Name" library="Register">
<kw name="Element Text Should Be" library="SeleniumLibrary">
<arg>${FirstNameError}</arg>
<arg>${FirstNameErrorText}</arg>
<doc>Verifies that element ``locator`` contains exact the text ``expected``.</doc>
<msg timestamp="20220906 15:16:18.944" level="INFO">Verifying element 'id=FirstName-error' contains exact text 'First name is required.'.</msg>
<status status="PASS" starttime="20220906 15:16:18.944" endtime="20220906 15:16:18.960"/>
</kw>
<status status="PASS" starttime="20220906 15:16:18.943" endtime="20220906 15:16:18.960"/>
</kw>
<kw name="Close Application" library="SetupTearDown" type="TEARDOWN">
<kw name="Close Browser" library="SeleniumLibrary">
<doc>Closes the current browser.</doc>
<status status="PASS" starttime="20220906 15:16:18.961" endtime="20220906 15:16:21.023"/>
</kw>
<status status="PASS" starttime="20220906 15:16:18.961" endtime="20220906 15:16:21.024"/>
</kw>
<status status="PASS" starttime="20220906 15:16:16.513" endtime="20220906 15:16:21.024"/>
</test>
<test id="s1-t9" name="TC009-Register User With Empty Last Name" line="87">
<kw name="Open Application" library="SetupTearDown" type="SETUP">
<kw name="Open Browser" library="SeleniumLibrary">
<arg>https://demo.nopcommerce.com/</arg>
<arg>chrome</arg>
<arg>alias=MainBrowser</arg>
<doc>Opens a new browser instance to the optional ``url``.</doc>
<msg timestamp="20220906 15:16:21.029" level="INFO">Opening browser 'chrome' to base url 'https://demo.nopcommerce.com/'.</msg>
<status status="PASS" starttime="20220906 15:16:21.029" endtime="20220906 15:16:22.545"/>
</kw>
<status status="PASS" starttime="20220906 15:16:21.028" endtime="20220906 15:16:22.545"/>
</kw>
<kw name="Open Register Page" library="Register">
<kw name="Click Element" library="SeleniumLibrary">
<arg>${Register}</arg>
<doc>Click the element identified by ``locator``.</doc>
<msg timestamp="20220906 15:16:22.546" level="INFO">Clicking element 'xpath=//a[@class='ico-register']'.</msg>
<status status="PASS" starttime="20220906 15:16:22.546" endtime="20220906 15:16:22.980"/>
</kw>
<status status="PASS" starttime="20220906 15:16:22.546" endtime="20220906 15:16:22.981"/>
</kw>
<kw name="Input Personal Details" library="Register">
<arg>${FirstName}</arg>
<arg>${EMPTY}</arg>
<arg>${RandomEmail}</arg>
<kw name="Click Element" library="SeleniumLibrary">
<arg>${SexMale}</arg>
<doc>Click the element identified by ``locator``.</doc>
<msg timestamp="20220906 15:16:22.984" level="INFO">Clicking element 'id=gender-male'.</msg>
<status status="PASS" starttime="20220906 15:16:22.983" endtime="20220906 15:16:23.015"/>
</kw>
<kw name="Input Text" library="SeleniumLibrary">
<arg>${InputRegisterName}</arg>
<arg>${arg1}</arg>
<doc>Types the given ``text`` into the text field identified by ``locator``.</doc>
<msg timestamp="20220906 15:16:23.015" level="INFO">Typing text 'Ilija' into text field 'id=FirstName'.</msg>
<status status="PASS" starttime="20220906 15:16:23.015" endtime="20220906 15:16:23.067"/>
</kw>
<kw name="Input Text" library="SeleniumLibrary">
<arg>${InputRegisterLastName}</arg>
<arg>${arg2}</arg>
<doc>Types the given ``text`` into the text field identified by ``locator``.</doc>
<msg timestamp="20220906 15:16:23.067" level="INFO">Typing text '' into text field 'id=LastName'.</msg>
<status status="PASS" starttime="20220906 15:16:23.067" endtime="20220906 15:16:23.114"/>
</kw>
<kw name="Select From List By Value" library="SeleniumLibrary">
<arg>${DayOfBirth}</arg>
<arg>30</arg>
<doc>Selects options from selection list ``locator`` by ``values``.</doc>
<msg timestamp="20220906 15:16:23.114" level="INFO">Selecting options from selection list 'name=DateOfBirthDay' by value 30.</msg>
<status status="PASS" starttime="20220906 15:16:23.114" endtime="20220906 15:16:23.151"/>
</kw>
<kw name="Select From List By Label" library="SeleniumLibrary">
<arg>${MonthOfBirth}</arg>
<arg>July</arg>
<doc>Selects options from selection list ``locator`` by ``labels``.</doc>
<msg timestamp="20220906 15:16:23.152" level="INFO">Selecting options from selection list 'name=DateOfBirthMonth' by label July.</msg>
<status status="PASS" starttime="20220906 15:16:23.151" endtime="20220906 15:16:23.187"/>
</kw>
<kw name="Select From List By Label" library="SeleniumLibrary">
<arg>${YearOfBirth}</arg>
<arg>1992</arg>
<doc>Selects options from selection list ``locator`` by ``labels``.</doc>
<msg timestamp="20220906 15:16:23.187" level="INFO">Selecting options from selection list 'name=DateOfBirthYear' by label 1992.</msg>
<status status="PASS" starttime="20220906 15:16:23.187" endtime="20220906 15:16:23.225"/>
</kw>
<kw name="Input Text" library="SeleniumLibrary">
<arg>${RegisterEmail}</arg>
<arg>${arg3}</arg>
<doc>Types the given ``text`` into the text field identified by ``locator``.</doc>
<msg timestamp="20220906 15:16:23.225" level="INFO">Typing text 'e733ce5ae83089@gmail.com' into text field 'id=Email'.</msg>
<status status="PASS" starttime="20220906 15:16:23.225" endtime="20220906 15:16:23.280"/>
</kw>
<status status="PASS" starttime="20220906 15:16:22.982" endtime="20220906 15:16:23.280"/>
</kw>
<kw name="Company Name" library="Register">
<kw name="Input Text" library="SeleniumLibrary">
<arg>${InputCompany}</arg>
<arg>${CompanyName}</arg>
<doc>Types the given ``text`` into the text field identified by ``locator``.</doc>
<msg timestamp="20220906 15:16:23.281" level="INFO">Typing text 'IWConnect' into text field 'id=Company'.</msg>
<status status="PASS" starttime="20220906 15:16:23.280" endtime="20220906 15:16:23.331"/>
</kw>
<status status="PASS" starttime="20220906 15:16:23.280" endtime="20220906 15:16:23.331"/>
</kw>
<kw name="Checkbox Newsletter" library="Register">
<kw name="Select Checkbox" library="SeleniumLibrary">
<arg>${NewsLetterCheckbox}</arg>
<doc>Selects the checkbox identified by ``locator``.</doc>
<msg timestamp="20220906 15:16:23.331" level="INFO">Selecting checkbox 'id=Newsletter'.</msg>
<status status="PASS" starttime="20220906 15:16:23.331" endtime="20220906 15:16:23.354"/>
</kw>
<status status="PASS" starttime="20220906 15:16:23.331" endtime="20220906 15:16:23.354"/>
</kw>
<kw name="Password Input" library="Register">
<arg>${ValidPassword}</arg>
<kw name="Input Password" library="SeleniumLibrary">
<arg>${InputPassword}</arg>
<arg>${arg1}</arg>
<doc>Types the given password into the text field identified by ``locator``.</doc>
<msg timestamp="20220906 15:16:23.355" level="INFO">Typing password into text field 'id=Password'.</msg>
<msg timestamp="20220906 15:16:23.378" level="INFO">Temporally setting log level to: NONE</msg>
<msg timestamp="20220906 15:16:23.410" level="INFO">Log level changed from NONE to INFO.</msg>
<status status="PASS" starttime="20220906 15:16:23.355" endtime="20220906 15:16:23.410"/>
</kw>
<status status="PASS" starttime="20220906 15:16:23.354" endtime="20220906 15:16:23.410"/>
</kw>
<kw name="Confirm Password Input" library="Register">
<arg>${ValidPassword}</arg>
<kw name="Input Password" library="SeleniumLibrary">
<arg>${InputConfirmPassword}</arg>
<arg>${arg1}</arg>
<doc>Types the given password into the text field identified by ``locator``.</doc>
<msg timestamp="20220906 15:16:23.411" level="INFO">Typing password into text field 'id=ConfirmPassword'.</msg>
<msg timestamp="20220906 15:16:23.433" level="INFO">Temporally setting log level to: NONE</msg>
<msg timestamp="20220906 15:16:23.461" level="INFO">Log level changed from NONE to INFO.</msg>
<status status="PASS" starttime="20220906 15:16:23.411" endtime="20220906 15:16:23.461"/>
</kw>
<status status="PASS" starttime="20220906 15:16:23.410" endtime="20220906 15:16:23.461"/>
</kw>
<kw name="Click Register Button" library="Register">
<kw name="Click Button" library="SeleniumLibrary">
<arg>${RegisterButton}</arg>
<doc>Clicks the button identified by ``locator``.</doc>
<msg timestamp="20220906 15:16:23.462" level="INFO">Clicking button 'name=register-button'.</msg>
<status status="PASS" starttime="20220906 15:16:23.462" endtime="20220906 15:16:23.501"/>
</kw>
<status status="PASS" starttime="20220906 15:16:23.462" endtime="20220906 15:16:23.502"/>
</kw>
<kw name="Verify Last Name" library="Register">
<kw name="Element Text Should Be" library="SeleniumLibrary">
<arg>${LastNameError}</arg>
<arg>${LastNameErrorText}</arg>
<doc>Verifies that element ``locator`` contains exact the text ``expected``.</doc>
<msg timestamp="20220906 15:16:23.503" level="INFO">Verifying element 'id=LastName-error' contains exact text 'Last name is required.'.</msg>
<status status="PASS" starttime="20220906 15:16:23.502" endtime="20220906 15:16:23.518"/>
</kw>
<status status="PASS" starttime="20220906 15:16:23.502" endtime="20220906 15:16:23.519"/>
</kw>
<kw name="Close Application" library="SetupTearDown" type="TEARDOWN">
<kw name="Close Browser" library="SeleniumLibrary">
<doc>Closes the current browser.</doc>
<status status="PASS" starttime="20220906 15:16:23.519" endtime="20220906 15:16:25.575"/>
</kw>
<status status="PASS" starttime="20220906 15:16:23.519" endtime="20220906 15:16:25.576"/>
</kw>
<status status="PASS" starttime="20220906 15:16:21.027" endtime="20220906 15:16:25.577"/>
</test>
<status status="PASS" starttime="20220906 15:15:39.363" endtime="20220906 15:16:25.580"/>
</suite>
<statistics>
<total>
<stat pass="9" fail="0" skip="0">All Tests</stat>
</total>
<tag>
</tag>
<suite>
<stat pass="9" fail="0" skip="0" id="s1" name="1.RegisterTests">1.RegisterTests</stat>
</suite>
</statistics>
<errors>
</errors>
</robot>
