<?xml version="1.0" encoding="UTF-8"?>
<robot generator="Robot 4.1.1 (Python 3.7.5 on win32)" generated="20220406 20:33:48.080" rpa="false" schemaversion="2">
<suite id="s1" name="NopCommerc" source="C:\Users\Chipsy\OneDrive\RobotProjects\NopCommerc">
<suite id="s1-s1" name="TestCases" source="C:\Users\Chipsy\OneDrive\RobotProjects\NopCommerc\TestCases">
<suite id="s1-s1-s1" name="1.RegisterTests" source="C:\Users\Chipsy\OneDrive\RobotProjects\NopCommerc\TestCases\1.RegisterTests.robot">
<test id="s1-s1-s1-t1" name="Register New User">
<kw name="Open Application" library="SetupTearDown" type="SETUP">
<kw name="Open Browser" library="SeleniumLibrary">
<arg>https://demo.nopcommerce.com/</arg>
<arg>chrome</arg>
<doc>Opens a new browser instance to the optional ``url``.</doc>
<msg timestamp="20220406 20:33:48.280" level="INFO">Opening browser 'chrome' to base url 'https://demo.nopcommerce.com/'.</msg>
<status status="PASS" starttime="20220406 20:33:48.280" endtime="20220406 20:33:52.006"/>
</kw>
<status status="PASS" starttime="20220406 20:33:48.280" endtime="20220406 20:33:52.006"/>
</kw>
<kw name="Open Register Page" library="Register">
<kw name="Click Element" library="SeleniumLibrary">
<arg>${Register}</arg>
<doc>Click the element identified by ``locator``.</doc>
<msg timestamp="20220406 20:33:52.007" level="INFO">Clicking element 'xpath=//a[@class='ico-register']'.</msg>
<status status="PASS" starttime="20220406 20:33:52.007" endtime="20220406 20:33:52.550"/>
</kw>
<status status="PASS" starttime="20220406 20:33:52.007" endtime="20220406 20:33:52.550"/>
</kw>
<kw name="Generate Random Email" library="Register">
<kw name="Generate Random String" library="String">
<var>${RandomString}</var>
<arg>14</arg>
<arg>[NUMBERS]abcdef</arg>
<doc>Generates a string with a desired ``length`` from the given ``chars``.</doc>
<msg timestamp="20220406 20:33:52.551" level="INFO">${RandomString} = 00150684d8da9e</msg>
<status status="PASS" starttime="20220406 20:33:52.551" endtime="20220406 20:33:52.551"/>
</kw>
<kw name="Catenate" library="BuiltIn">
<var>${RandomEmail}</var>
<arg>${RandomString}@gmail.com</arg>
<doc>Catenates the given items together and returns the resulted string.</doc>
<msg timestamp="20220406 20:33:52.552" level="INFO">${RandomEmail} = 00150684d8da9e@gmail.com</msg>
<status status="PASS" starttime="20220406 20:33:52.551" endtime="20220406 20:33:52.552"/>
</kw>
<kw name="Set Global Variable" library="BuiltIn">
<arg>${RandomEmail}</arg>
<doc>Makes a variable available globally in all tests and suites.</doc>
<msg timestamp="20220406 20:33:52.552" level="INFO">${RandomEmail} = 00150684d8da9e@gmail.com</msg>
<status status="PASS" starttime="20220406 20:33:52.552" endtime="20220406 20:33:52.552"/>
</kw>
<status status="PASS" starttime="20220406 20:33:52.550" endtime="20220406 20:33:52.553"/>
</kw>
<kw name="Input Personal Details" library="Register">
<kw name="Click Element" library="SeleniumLibrary">
<arg>${SexMale}</arg>
<doc>Click the element identified by ``locator``.</doc>
<msg timestamp="20220406 20:33:52.554" level="INFO">Clicking element 'id=gender-male'.</msg>
<status status="PASS" starttime="20220406 20:33:52.553" endtime="20220406 20:33:52.589"/>
</kw>
<kw name="Input Text" library="SeleniumLibrary">
<arg>${InputRegisterName}</arg>
<arg>${FirstName}</arg>
<doc>Types the given ``text`` into the text field identified by ``locator``.</doc>
<msg timestamp="20220406 20:33:52.589" level="INFO">Typing text 'Ilija' into text field 'id=FirstName'.</msg>
<status status="PASS" starttime="20220406 20:33:52.589" endtime="20220406 20:33:52.694"/>
</kw>
<kw name="Input Text" library="SeleniumLibrary">
<arg>${InputRegisterLastName}</arg>
<arg>${LastName}</arg>
<doc>Types the given ``text`` into the text field identified by ``locator``.</doc>
<msg timestamp="20220406 20:33:52.695" level="INFO">Typing text 'Milanoski' into text field 'id=LastName'.</msg>
<status status="PASS" starttime="20220406 20:33:52.694" endtime="20220406 20:33:52.761"/>
</kw>
<kw name="Select From List By Value" library="SeleniumLibrary">
<arg>${DayOfBirth}</arg>
<arg>30</arg>
<doc>Selects options from selection list ``locator`` by ``values``.</doc>
<msg timestamp="20220406 20:33:52.762" level="INFO">Selecting options from selection list 'name=DateOfBirthDay' by value 30.</msg>
<status status="PASS" starttime="20220406 20:33:52.762" endtime="20220406 20:33:52.812"/>
</kw>
<kw name="Select From List By Label" library="SeleniumLibrary">
<arg>${MonthOfBirth}</arg>
<arg>July</arg>
<doc>Selects options from selection list ``locator`` by ``labels``.</doc>
<msg timestamp="20220406 20:33:52.812" level="INFO">Selecting options from selection list 'name=DateOfBirthMonth' by label July.</msg>
<status status="PASS" starttime="20220406 20:33:52.812" endtime="20220406 20:33:52.859"/>
</kw>
<kw name="Select From List By Label" library="SeleniumLibrary">
<arg>${YearOfBirth}</arg>
<arg>1992</arg>
<doc>Selects options from selection list ``locator`` by ``labels``.</doc>
<msg timestamp="20220406 20:33:52.859" level="INFO">Selecting options from selection list 'name=DateOfBirthYear' by label 1992.</msg>
<status status="PASS" starttime="20220406 20:33:52.859" endtime="20220406 20:33:52.907"/>
</kw>
<status status="PASS" starttime="20220406 20:33:52.553" endtime="20220406 20:33:52.907"/>
</kw>
<kw name="Company Name" library="Register">
<kw name="Input Text" library="SeleniumLibrary">
<arg>${InputCompany}</arg>
<arg>${CompanyName}</arg>
<doc>Types the given ``text`` into the text field identified by ``locator``.</doc>
<msg timestamp="20220406 20:33:52.908" level="INFO">Typing text 'IWConnect' into text field 'id=Company'.</msg>
<status status="PASS" starttime="20220406 20:33:52.908" endtime="20220406 20:33:52.973"/>
</kw>
<status status="PASS" starttime="20220406 20:33:52.907" endtime="20220406 20:33:52.973"/>
</kw>
<kw name="Checkbox Newsletter" library="Register">
<kw name="Select Checkbox" library="SeleniumLibrary">
<arg>${NewsLetterCheckbox}</arg>
<doc>Selects the checkbox identified by ``locator``.</doc>
<msg timestamp="20220406 20:33:52.974" level="INFO">Selecting checkbox 'id=Newsletter'.</msg>
<status status="PASS" starttime="20220406 20:33:52.974" endtime="20220406 20:33:53.002"/>
</kw>
<status status="PASS" starttime="20220406 20:33:52.973" endtime="20220406 20:33:53.002"/>
</kw>
<kw name="Input Email Address" library="Register">
<kw name="Input Text" library="SeleniumLibrary">
<arg>${RegisterEmail}</arg>
<arg>${RandomEmail}</arg>
<doc>Types the given ``text`` into the text field identified by ``locator``.</doc>
<msg timestamp="20220406 20:33:53.003" level="INFO">Typing text '00150684d8da9e@gmail.com' into text field 'id=Email'.</msg>
<status status="PASS" starttime="20220406 20:33:53.003" endtime="20220406 20:33:53.073"/>
</kw>
<status status="PASS" starttime="20220406 20:33:53.002" endtime="20220406 20:33:53.074"/>
</kw>
<kw name="Password Input" library="Register">
<kw name="Input Password" library="SeleniumLibrary">
<arg>${InputPassword}</arg>
<arg>${ValidPassword}</arg>
<doc>Types the given password into the text field identified by ``locator``.</doc>
<msg timestamp="20220406 20:33:53.075" level="INFO">Typing password into text field 'id=Password'.</msg>
<msg timestamp="20220406 20:33:53.105" level="INFO">Temporally setting log level to: NONE</msg>
<msg timestamp="20220406 20:33:53.143" level="INFO">Log level changed from NONE to INFO.</msg>
<status status="PASS" starttime="20220406 20:33:53.074" endtime="20220406 20:33:53.143"/>
</kw>
<status status="PASS" starttime="20220406 20:33:53.074" endtime="20220406 20:33:53.144"/>
</kw>
<kw name="Confirm Password Input" library="Register">
<kw name="Input Password" library="SeleniumLibrary">
<arg>${InputConfirmPassword}</arg>
<arg>${ValidPassword}</arg>
<doc>Types the given password into the text field identified by ``locator``.</doc>
<msg timestamp="20220406 20:33:53.144" level="INFO">Typing password into text field 'id=ConfirmPassword'.</msg>
<msg timestamp="20220406 20:33:53.174" level="INFO">Temporally setting log level to: NONE</msg>
<msg timestamp="20220406 20:33:53.213" level="INFO">Log level changed from NONE to INFO.</msg>
<status status="PASS" starttime="20220406 20:33:53.144" endtime="20220406 20:33:53.213"/>
</kw>
<status status="PASS" starttime="20220406 20:33:53.144" endtime="20220406 20:33:53.213"/>
</kw>
<kw name="Click Register Button" library="Register">
<kw name="Click Button" library="SeleniumLibrary">
<arg>${RegisterButton}</arg>
<doc>Clicks the button identified by ``locator``.</doc>
<msg timestamp="20220406 20:33:53.214" level="INFO">Clicking button 'name=register-button'.</msg>
<status status="PASS" starttime="20220406 20:33:53.214" endtime="20220406 20:33:54.099"/>
</kw>
<status status="PASS" starttime="20220406 20:33:53.214" endtime="20220406 20:33:54.100"/>
</kw>
<kw name="Verify New User Is Registered" library="Register">
<kw name="Element Should Be Visible" library="SeleniumLibrary">
<arg>${SuccessfulRegistration}</arg>
<doc>Verifies that the element identified by ``locator`` is visible.</doc>
<msg timestamp="20220406 20:33:54.119" level="INFO">Element 'xpath=//div[@class='result']' is displayed.</msg>
<status status="PASS" starttime="20220406 20:33:54.100" endtime="20220406 20:33:54.119"/>
</kw>
<kw name="Element Text Should Be" library="SeleniumLibrary">
<arg>${SuccessfulRegistration}</arg>
<arg>${SuccessfullRegistrationText}</arg>
<doc>Verifies that element ``locator`` contains exact the text ``expected``.</doc>
<msg timestamp="20220406 20:33:54.120" level="INFO">Verifying element 'xpath=//div[@class='result']' contains exact text 'Your registration completed'.</msg>
<status status="PASS" starttime="20220406 20:33:54.119" endtime="20220406 20:33:54.135"/>
</kw>
<status status="PASS" starttime="20220406 20:33:54.100" endtime="20220406 20:33:54.135"/>
</kw>
<kw name="Close Application" library="SetupTearDown" type="TEARDOWN">
<kw name="Close Browser" library="SeleniumLibrary">
<doc>Closes the current browser.</doc>
<status status="PASS" starttime="20220406 20:33:54.136" endtime="20220406 20:33:56.213"/>
</kw>
<status status="PASS" starttime="20220406 20:33:54.136" endtime="20220406 20:33:56.213"/>
</kw>
<status status="PASS" starttime="20220406 20:33:48.280" endtime="20220406 20:33:56.213"/>
</test>
<status status="PASS" starttime="20220406 20:33:48.265" endtime="20220406 20:33:56.213"/>
</suite>
<suite id="s1-s1-s2" name="LogInTests" source="C:\Users\Chipsy\OneDrive\RobotProjects\NopCommerc\TestCases\LogInTests.robot">
<test id="s1-s1-s2-t1" name="LogInWithValidCredentials">
<kw name="Open Application" library="SetupTearDown" type="SETUP">
<kw name="Open Browser" library="SeleniumLibrary">
<arg>https://demo.nopcommerce.com/</arg>
<arg>chrome</arg>
<doc>Opens a new browser instance to the optional ``url``.</doc>
<msg timestamp="20220406 20:33:56.265" level="INFO">Opening browser 'chrome' to base url 'https://demo.nopcommerce.com/'.</msg>
<status status="PASS" starttime="20220406 20:33:56.265" endtime="20220406 20:33:59.099"/>
</kw>
<status status="PASS" starttime="20220406 20:33:56.264" endtime="20220406 20:33:59.099"/>
</kw>
<kw name="Open LogIn Page" library="LogIn">
<kw name="Click Element" library="SeleniumLibrary">
<arg>${LogIn}</arg>
<doc>Click the element identified by ``locator``.</doc>
<msg timestamp="20220406 20:33:59.100" level="INFO">Clicking element 'xpath=//a[@class='ico-login']'.</msg>
<status status="PASS" starttime="20220406 20:33:59.100" endtime="20220406 20:34:00.776"/>
</kw>
<kw name="Element Should Be Visible" library="SeleniumLibrary">
<arg>${LogInForm}</arg>
<doc>Verifies that the element identified by ``locator`` is visible.</doc>
<msg timestamp="20220406 20:34:00.796" level="INFO">Element 'xpath=//div[@class='returning-wrapper fieldset']' is displayed.</msg>
<status status="PASS" starttime="20220406 20:34:00.776" endtime="20220406 20:34:00.796"/>
</kw>
<status status="PASS" starttime="20220406 20:33:59.099" endtime="20220406 20:34:00.796"/>
</kw>
<kw name="Input Credentials" library="LogIn">
<arg>${RandomEmail}</arg>
<arg>${ValidPassword}</arg>
<kw name="Input Text" library="SeleniumLibrary">
<arg>${InputEmail}</arg>
<arg>${arg1}</arg>
<doc>Types the given ``text`` into the text field identified by ``locator``.</doc>
<msg timestamp="20220406 20:34:00.797" level="INFO">Typing text '00150684d8da9e@gmail.com' into text field 'id=Email'.</msg>
<status status="PASS" starttime="20220406 20:34:00.797" endtime="20220406 20:34:00.864"/>
</kw>
<kw name="Input Password" library="SeleniumLibrary">
<arg>${InputPassword}</arg>
<arg>${arg2}</arg>
<doc>Types the given password into the text field identified by ``locator``.</doc>
<msg timestamp="20220406 20:34:00.865" level="INFO">Typing password into text field 'id=Password'.</msg>
<msg timestamp="20220406 20:34:00.896" level="INFO">Temporally setting log level to: NONE</msg>
<msg timestamp="20220406 20:34:00.933" level="INFO">Log level changed from NONE to INFO.</msg>
<status status="PASS" starttime="20220406 20:34:00.864" endtime="20220406 20:34:00.933"/>
</kw>
<kw name="Wait Until Element Is Visible" library="SeleniumLibrary">
<arg>${LogInButton}</arg>
<doc>Waits until the element ``locator`` is visible.</doc>
<status status="PASS" starttime="20220406 20:34:00.934" endtime="20220406 20:34:00.952"/>
</kw>
<status status="PASS" starttime="20220406 20:34:00.797" endtime="20220406 20:34:00.952"/>
</kw>
<kw name="Verify User Is Loged In" library="LogIn">
<kw name="Click Button" library="SeleniumLibrary">
<arg>${LogInButton}</arg>
<doc>Clicks the button identified by ``locator``.</doc>
<msg timestamp="20220406 20:34:00.953" level="INFO">Clicking button 'xpath=//button[@class='button-1 login-button']'.</msg>
<status status="PASS" starttime="20220406 20:34:00.953" endtime="20220406 20:34:01.741"/>
</kw>
<kw name="Element Should Contain" library="SeleniumLibrary">
<arg>${SuccessfulLogIn}</arg>
<arg>${SuccessfulLogInText}</arg>
<doc>Verifies that element ``locator`` contains text ``expected``.</doc>
<msg timestamp="20220406 20:34:01.761" level="INFO">Element 'xpath=//div[@class='topic-block-title']' contains text 'Welcome to our store'.</msg>
<status status="PASS" starttime="20220406 20:34:01.742" endtime="20220406 20:34:01.761"/>
</kw>
<status status="PASS" starttime="20220406 20:34:00.952" endtime="20220406 20:34:01.761"/>
</kw>
<kw name="Close Application" library="SetupTearDown" type="TEARDOWN">
<kw name="Close Browser" library="SeleniumLibrary">
<doc>Closes the current browser.</doc>
<status status="PASS" starttime="20220406 20:34:01.762" endtime="20220406 20:34:03.840"/>
</kw>
<status status="PASS" starttime="20220406 20:34:01.762" endtime="20220406 20:34:03.840"/>
</kw>
<status status="PASS" starttime="20220406 20:33:56.251" endtime="20220406 20:34:03.840"/>
</test>
<test id="s1-s1-s2-t2" name="LogInWithInvalidCredentials">
<kw name="Open Application" library="SetupTearDown" type="SETUP">
<kw name="Open Browser" library="SeleniumLibrary">
<arg>https://demo.nopcommerce.com/</arg>
<arg>chrome</arg>
<doc>Opens a new browser instance to the optional ``url``.</doc>
<msg timestamp="20220406 20:34:03.851" level="INFO">Opening browser 'chrome' to base url 'https://demo.nopcommerce.com/'.</msg>
<status status="PASS" starttime="20220406 20:34:03.850" endtime="20220406 20:34:05.776"/>
</kw>
<status status="PASS" starttime="20220406 20:34:03.848" endtime="20220406 20:34:05.777"/>
</kw>
<kw name="Open LogIn Page" library="LogIn">
<kw name="Click Element" library="SeleniumLibrary">
<arg>${LogIn}</arg>
<doc>Click the element identified by ``locator``.</doc>
<msg timestamp="20220406 20:34:05.778" level="INFO">Clicking element 'xpath=//a[@class='ico-login']'.</msg>
<status status="PASS" starttime="20220406 20:34:05.777" endtime="20220406 20:34:06.314"/>
</kw>
<kw name="Element Should Be Visible" library="SeleniumLibrary">
<arg>${LogInForm}</arg>
<doc>Verifies that the element identified by ``locator`` is visible.</doc>
<msg timestamp="20220406 20:34:06.334" level="INFO">Element 'xpath=//div[@class='returning-wrapper fieldset']' is displayed.</msg>
<status status="PASS" starttime="20220406 20:34:06.314" endtime="20220406 20:34:06.334"/>
</kw>
<status status="PASS" starttime="20220406 20:34:05.777" endtime="20220406 20:34:06.334"/>
</kw>
<kw name="Input Credentials" library="LogIn">
<arg>${InvalidLogInEmail}</arg>
<arg>${InvalidLogInPassword}</arg>
<kw name="Input Text" library="SeleniumLibrary">
<arg>${InputEmail}</arg>
<arg>${arg1}</arg>
<doc>Types the given ``text`` into the text field identified by ``locator``.</doc>
<msg timestamp="20220406 20:34:06.335" level="INFO">Typing text 'john@gmail.com' into text field 'id=Email'.</msg>
<status status="PASS" starttime="20220406 20:34:06.335" endtime="20220406 20:34:06.399"/>
</kw>
<kw name="Input Password" library="SeleniumLibrary">
<arg>${InputPassword}</arg>
<arg>${arg2}</arg>
<doc>Types the given password into the text field identified by ``locator``.</doc>
<msg timestamp="20220406 20:34:06.400" level="INFO">Typing password into text field 'id=Password'.</msg>
<msg timestamp="20220406 20:34:06.430" level="INFO">Temporally setting log level to: NONE</msg>
<msg timestamp="20220406 20:34:06.468" level="INFO">Log level changed from NONE to INFO.</msg>
<status status="PASS" starttime="20220406 20:34:06.399" endtime="20220406 20:34:06.468"/>
</kw>
<kw name="Wait Until Element Is Visible" library="SeleniumLibrary">
<arg>${LogInButton}</arg>
<doc>Waits until the element ``locator`` is visible.</doc>
<status status="PASS" starttime="20220406 20:34:06.469" endtime="20220406 20:34:06.487"/>
</kw>
<status status="PASS" starttime="20220406 20:34:06.335" endtime="20220406 20:34:06.487"/>
</kw>
<kw name="Verify User Is Not Logged In" library="LogIn">
<arg>${ErroLogInWithInvalidCredentials}</arg>
<kw name="Click Button" library="SeleniumLibrary">
<arg>${LogInButton}</arg>
<doc>Clicks the button identified by ``locator``.</doc>
<msg timestamp="20220406 20:34:06.488" level="INFO">Clicking button 'xpath=//button[@class='button-1 login-button']'.</msg>
<status status="PASS" starttime="20220406 20:34:06.488" endtime="20220406 20:34:07.002"/>
</kw>
<kw name="Element Should Contain" library="SeleniumLibrary">
<arg>${LogInError}</arg>
<arg>${arg1}</arg>
<doc>Verifies that element ``locator`` contains text ``expected``.</doc>
<msg timestamp="20220406 20:34:07.022" level="INFO">Element 'xpath=//div[@class='message-error validation-summary-errors']' contains text 'Login was unsuccessful. Please correct the errors and try again.'.</msg>
<status status="PASS" starttime="20220406 20:34:07.003" endtime="20220406 20:34:07.022"/>
</kw>
<status status="PASS" starttime="20220406 20:34:06.488" endtime="20220406 20:34:07.022"/>
</kw>
<kw name="Close Application" library="SetupTearDown" type="TEARDOWN">
<kw name="Close Browser" library="SeleniumLibrary">
<doc>Closes the current browser.</doc>
<status status="PASS" starttime="20220406 20:34:07.023" endtime="20220406 20:34:09.093"/>
</kw>
<status status="PASS" starttime="20220406 20:34:07.023" endtime="20220406 20:34:09.093"/>
</kw>
<status status="PASS" starttime="20220406 20:34:03.840" endtime="20220406 20:34:09.093"/>
</test>
<test id="s1-s1-s2-t3" name="LogInWithInvalidEmail">
<kw name="Open Application" library="SetupTearDown" type="SETUP">
<kw name="Open Browser" library="SeleniumLibrary">
<arg>https://demo.nopcommerce.com/</arg>
<arg>chrome</arg>
<doc>Opens a new browser instance to the optional ``url``.</doc>
<msg timestamp="20220406 20:34:09.093" level="INFO">Opening browser 'chrome' to base url 'https://demo.nopcommerce.com/'.</msg>
<status status="PASS" starttime="20220406 20:34:09.093" endtime="20220406 20:34:11.876"/>
</kw>
<status status="PASS" starttime="20220406 20:34:09.093" endtime="20220406 20:34:11.877"/>
</kw>
<kw name="Open LogIn Page" library="LogIn">
<kw name="Click Element" library="SeleniumLibrary">
<arg>${LogIn}</arg>
<doc>Click the element identified by ``locator``.</doc>
<msg timestamp="20220406 20:34:11.877" level="INFO">Clicking element 'xpath=//a[@class='ico-login']'.</msg>
<status status="PASS" starttime="20220406 20:34:11.877" endtime="20220406 20:34:12.465"/>
</kw>
<kw name="Element Should Be Visible" library="SeleniumLibrary">
<arg>${LogInForm}</arg>
<doc>Verifies that the element identified by ``locator`` is visible.</doc>
<msg timestamp="20220406 20:34:12.484" level="INFO">Element 'xpath=//div[@class='returning-wrapper fieldset']' is displayed.</msg>
<status status="PASS" starttime="20220406 20:34:12.466" endtime="20220406 20:34:12.484"/>
</kw>
<status status="PASS" starttime="20220406 20:34:11.877" endtime="20220406 20:34:12.484"/>
</kw>
<kw name="Input Credentials" library="LogIn">
<arg>${InvalidLogInEmail}</arg>
<arg>${ValidPassword}</arg>
<kw name="Input Text" library="SeleniumLibrary">
<arg>${InputEmail}</arg>
<arg>${arg1}</arg>
<doc>Types the given ``text`` into the text field identified by ``locator``.</doc>
<msg timestamp="20220406 20:34:12.485" level="INFO">Typing text 'john@gmail.com' into text field 'id=Email'.</msg>
<status status="PASS" starttime="20220406 20:34:12.485" endtime="20220406 20:34:12.577"/>
</kw>
<kw name="Input Password" library="SeleniumLibrary">
<arg>${InputPassword}</arg>
<arg>${arg2}</arg>
<doc>Types the given password into the text field identified by ``locator``.</doc>
<msg timestamp="20220406 20:34:12.578" level="INFO">Typing password into text field 'id=Password'.</msg>
<msg timestamp="20220406 20:34:12.608" level="INFO">Temporally setting log level to: NONE</msg>
<msg timestamp="20220406 20:34:12.644" level="INFO">Log level changed from NONE to INFO.</msg>
<status status="PASS" starttime="20220406 20:34:12.577" endtime="20220406 20:34:12.645"/>
</kw>
<kw name="Wait Until Element Is Visible" library="SeleniumLibrary">
<arg>${LogInButton}</arg>
<doc>Waits until the element ``locator`` is visible.</doc>
<status status="PASS" starttime="20220406 20:34:12.645" endtime="20220406 20:34:12.664"/>
</kw>
<status status="PASS" starttime="20220406 20:34:12.485" endtime="20220406 20:34:12.664"/>
</kw>
<kw name="Verify User Is Not Logged In" library="LogIn">
<arg>${ErroLogInWithInvalidCredentials}</arg>
<kw name="Click Button" library="SeleniumLibrary">
<arg>${LogInButton}</arg>
<doc>Clicks the button identified by ``locator``.</doc>
<msg timestamp="20220406 20:34:12.665" level="INFO">Clicking button 'xpath=//button[@class='button-1 login-button']'.</msg>
<status status="PASS" starttime="20220406 20:34:12.665" endtime="20220406 20:34:13.549"/>
</kw>
<kw name="Element Should Contain" library="SeleniumLibrary">
<arg>${LogInError}</arg>
<arg>${arg1}</arg>
<doc>Verifies that element ``locator`` contains text ``expected``.</doc>
<msg timestamp="20220406 20:34:13.567" level="INFO">Element 'xpath=//div[@class='message-error validation-summary-errors']' contains text 'Login was unsuccessful. Please correct the errors and try again.'.</msg>
<status status="PASS" starttime="20220406 20:34:13.549" endtime="20220406 20:34:13.567"/>
</kw>
<status status="PASS" starttime="20220406 20:34:12.664" endtime="20220406 20:34:13.567"/>
</kw>
<kw name="Close Application" library="SetupTearDown" type="TEARDOWN">
<kw name="Close Browser" library="SeleniumLibrary">
<doc>Closes the current browser.</doc>
<status status="PASS" starttime="20220406 20:34:13.568" endtime="20220406 20:34:15.647"/>
</kw>
<status status="PASS" starttime="20220406 20:34:13.568" endtime="20220406 20:34:15.647"/>
</kw>
<status status="PASS" starttime="20220406 20:34:09.093" endtime="20220406 20:34:15.647"/>
</test>
<test id="s1-s1-s2-t4" name="LogInWithInvalidPassword">
<kw name="Open Application" library="SetupTearDown" type="SETUP">
<kw name="Open Browser" library="SeleniumLibrary">
<arg>https://demo.nopcommerce.com/</arg>
<arg>chrome</arg>
<doc>Opens a new browser instance to the optional ``url``.</doc>
<msg timestamp="20220406 20:34:15.647" level="INFO">Opening browser 'chrome' to base url 'https://demo.nopcommerce.com/'.</msg>
<status status="PASS" starttime="20220406 20:34:15.647" endtime="20220406 20:34:18.382"/>
</kw>
<status status="PASS" starttime="20220406 20:34:15.647" endtime="20220406 20:34:18.383"/>
</kw>
<kw name="Open LogIn Page" library="LogIn">
<kw name="Click Element" library="SeleniumLibrary">
<arg>${LogIn}</arg>
<doc>Click the element identified by ``locator``.</doc>
<msg timestamp="20220406 20:34:18.384" level="INFO">Clicking element 'xpath=//a[@class='ico-login']'.</msg>
<status status="PASS" starttime="20220406 20:34:18.384" endtime="20220406 20:34:18.874"/>
</kw>
<kw name="Element Should Be Visible" library="SeleniumLibrary">
<arg>${LogInForm}</arg>
<doc>Verifies that the element identified by ``locator`` is visible.</doc>
<msg timestamp="20220406 20:34:18.893" level="INFO">Element 'xpath=//div[@class='returning-wrapper fieldset']' is displayed.</msg>
<status status="PASS" starttime="20220406 20:34:18.874" endtime="20220406 20:34:18.893"/>
</kw>
<status status="PASS" starttime="20220406 20:34:18.383" endtime="20220406 20:34:18.893"/>
</kw>
<kw name="Input Credentials" library="LogIn">
<arg>${RandomEmail}</arg>
<arg>${InvalidLogInPassword}</arg>
<kw name="Input Text" library="SeleniumLibrary">
<arg>${InputEmail}</arg>
<arg>${arg1}</arg>
<doc>Types the given ``text`` into the text field identified by ``locator``.</doc>
<msg timestamp="20220406 20:34:18.894" level="INFO">Typing text '00150684d8da9e@gmail.com' into text field 'id=Email'.</msg>
<status status="PASS" starttime="20220406 20:34:18.894" endtime="20220406 20:34:18.971"/>
</kw>
<kw name="Input Password" library="SeleniumLibrary">
<arg>${InputPassword}</arg>
<arg>${arg2}</arg>
<doc>Types the given password into the text field identified by ``locator``.</doc>
<msg timestamp="20220406 20:34:18.972" level="INFO">Typing password into text field 'id=Password'.</msg>
<msg timestamp="20220406 20:34:19.003" level="INFO">Temporally setting log level to: NONE</msg>
<msg timestamp="20220406 20:34:19.041" level="INFO">Log level changed from NONE to INFO.</msg>
<status status="PASS" starttime="20220406 20:34:18.972" endtime="20220406 20:34:19.042"/>
</kw>
<kw name="Wait Until Element Is Visible" library="SeleniumLibrary">
<arg>${LogInButton}</arg>
<doc>Waits until the element ``locator`` is visible.</doc>
<status status="PASS" starttime="20220406 20:34:19.042" endtime="20220406 20:34:19.059"/>
</kw>
<status status="PASS" starttime="20220406 20:34:18.893" endtime="20220406 20:34:19.059"/>
</kw>
<kw name="Verify User Is Not Logged In" library="LogIn">
<arg>${ErrorLogInWithInvalidPassword}</arg>
<kw name="Click Button" library="SeleniumLibrary">
<arg>${LogInButton}</arg>
<doc>Clicks the button identified by ``locator``.</doc>
<msg timestamp="20220406 20:34:19.060" level="INFO">Clicking button 'xpath=//button[@class='button-1 login-button']'.</msg>
<status status="PASS" starttime="20220406 20:34:19.060" endtime="20220406 20:34:19.529"/>
</kw>
<kw name="Element Should Contain" library="SeleniumLibrary">
<arg>${LogInError}</arg>
<arg>${arg1}</arg>
<doc>Verifies that element ``locator`` contains text ``expected``.</doc>
<msg timestamp="20220406 20:34:19.549" level="INFO">Element 'xpath=//div[@class='message-error validation-summary-errors']' contains text 'Login was unsuccessful. Please correct the errors and try again.'.</msg>
<status status="PASS" starttime="20220406 20:34:19.529" endtime="20220406 20:34:19.549"/>
</kw>
<status status="PASS" starttime="20220406 20:34:19.060" endtime="20220406 20:34:19.549"/>
</kw>
<kw name="Close Application" library="SetupTearDown" type="TEARDOWN">
<kw name="Close Browser" library="SeleniumLibrary">
<doc>Closes the current browser.</doc>
<status status="PASS" starttime="20220406 20:34:19.550" endtime="20220406 20:34:21.630"/>
</kw>
<status status="PASS" starttime="20220406 20:34:19.549" endtime="20220406 20:34:21.630"/>
</kw>
<status status="PASS" starttime="20220406 20:34:15.647" endtime="20220406 20:34:21.630"/>
</test>
<test id="s1-s1-s2-t5" name="LogInWithInvalidEmailFormat">
<kw name="Open Application" library="SetupTearDown" type="SETUP">
<kw name="Open Browser" library="SeleniumLibrary">
<arg>https://demo.nopcommerce.com/</arg>
<arg>chrome</arg>
<doc>Opens a new browser instance to the optional ``url``.</doc>
<msg timestamp="20220406 20:34:21.630" level="INFO">Opening browser 'chrome' to base url 'https://demo.nopcommerce.com/'.</msg>
<status status="PASS" starttime="20220406 20:34:21.630" endtime="20220406 20:34:24.462"/>
</kw>
<status status="PASS" starttime="20220406 20:34:21.630" endtime="20220406 20:34:24.462"/>
</kw>
<kw name="Open LogIn Page" library="LogIn">
<kw name="Click Element" library="SeleniumLibrary">
<arg>${LogIn}</arg>
<doc>Click the element identified by ``locator``.</doc>
<msg timestamp="20220406 20:34:24.463" level="INFO">Clicking element 'xpath=//a[@class='ico-login']'.</msg>
<status status="PASS" starttime="20220406 20:34:24.463" endtime="20220406 20:34:25.022"/>
</kw>
<kw name="Element Should Be Visible" library="SeleniumLibrary">
<arg>${LogInForm}</arg>
<doc>Verifies that the element identified by ``locator`` is visible.</doc>
<msg timestamp="20220406 20:34:25.041" level="INFO">Element 'xpath=//div[@class='returning-wrapper fieldset']' is displayed.</msg>
<status status="PASS" starttime="20220406 20:34:25.022" endtime="20220406 20:34:25.041"/>
</kw>
<status status="PASS" starttime="20220406 20:34:24.462" endtime="20220406 20:34:25.041"/>
</kw>
<kw name="LogIn With Invalid Email Format" library="LogIn">
<kw name="Input Text" library="SeleniumLibrary">
<arg>${InputEmail}</arg>
<arg>${InvalidEmailFormat}</arg>
<doc>Types the given ``text`` into the text field identified by ``locator``.</doc>
<msg timestamp="20220406 20:34:25.042" level="INFO">Typing text 'ilijappmk' into text field 'id=Email'.</msg>
<status status="PASS" starttime="20220406 20:34:25.042" endtime="20220406 20:34:25.102"/>
</kw>
<kw name="Input Password" library="SeleniumLibrary">
<arg>${InputPassword}</arg>
<arg>${ValidPassword}</arg>
<doc>Types the given password into the text field identified by ``locator``.</doc>
<msg timestamp="20220406 20:34:25.103" level="INFO">Typing password into text field 'id=Password'.</msg>
<msg timestamp="20220406 20:34:25.134" level="INFO">Temporally setting log level to: NONE</msg>
<msg timestamp="20220406 20:34:25.171" level="INFO">Log level changed from NONE to INFO.</msg>
<status status="PASS" starttime="20220406 20:34:25.102" endtime="20220406 20:34:25.171"/>
</kw>
<kw name="Wait Until Element Is Visible" library="SeleniumLibrary">
<arg>${InvalidEmail}</arg>
<doc>Waits until the element ``locator`` is visible.</doc>
<status status="PASS" starttime="20220406 20:34:25.172" endtime="20220406 20:34:25.190"/>
</kw>
<kw name="Element Should Contain" library="SeleniumLibrary">
<arg>${InvalidEmail}</arg>
<arg>${ErrorInvalidEmailFormat}</arg>
<doc>Verifies that element ``locator`` contains text ``expected``.</doc>
<msg timestamp="20220406 20:34:25.205" level="INFO">Element 'id=Email-error' contains text 'Wrong email'.</msg>
<status status="PASS" starttime="20220406 20:34:25.190" endtime="20220406 20:34:25.206"/>
</kw>
<status status="PASS" starttime="20220406 20:34:25.041" endtime="20220406 20:34:25.206"/>
</kw>
<kw name="Close Application" library="SetupTearDown" type="TEARDOWN">
<kw name="Close Browser" library="SeleniumLibrary">
<doc>Closes the current browser.</doc>
<status status="PASS" starttime="20220406 20:34:25.207" endtime="20220406 20:34:27.309"/>
</kw>
<status status="PASS" starttime="20220406 20:34:25.206" endtime="20220406 20:34:27.309"/>
</kw>
<status status="PASS" starttime="20220406 20:34:21.630" endtime="20220406 20:34:27.309"/>
</test>
<status status="PASS" starttime="20220406 20:33:56.220" endtime="20220406 20:34:27.316"/>
</suite>
<status status="PASS" starttime="20220406 20:33:48.133" endtime="20220406 20:34:27.328"/>
</suite>
<status status="PASS" starttime="20220406 20:33:48.102" endtime="20220406 20:34:27.333"/>
</suite>
<statistics>
<total>
<stat pass="6" fail="0" skip="0">All Tests</stat>
</total>
<tag>
</tag>
<suite>
<stat pass="6" fail="0" skip="0" id="s1" name="NopCommerc">NopCommerc</stat>
<stat pass="6" fail="0" skip="0" id="s1-s1" name="TestCases">NopCommerc.TestCases</stat>
<stat pass="1" fail="0" skip="0" id="s1-s1-s1" name="1.RegisterTests">NopCommerc.TestCases.1.RegisterTests</stat>
<stat pass="5" fail="0" skip="0" id="s1-s1-s2" name="LogInTests">NopCommerc.TestCases.LogInTests</stat>
</suite>
</statistics>
<errors>
</errors>
</robot>
